[2026-04-08 22:46:33,031] [explainability_shap] [INFO] Initializing SHAP TreeExplainer
[2026-04-08 22:46:33,046] [explainability_shap] [INFO] Sampling test data for SHAP
[2026-04-08 22:46:33,054] [explainability_shap] [INFO] Computing SHAP values for 1000 samples
[2026-04-08 22:46:33,627] [explainability_shap] [INFO] Saved SHAP summary plot to /Users/sanidhya/Documents/Projects/M.Tech Project/BANKING_XAI_PROJECT/artifacts/shap_summary.png
[2026-04-08 22:46:33,797] [explainability_shap] [INFO] Saved SHAP force plot for sample 0 to /Users/sanidhya/Documents/Projects/M.Tech Project/BANKING_XAI_PROJECT/artifacts/shap_force_0.png
[2026-04-08 22:46:33,948] [explainability_shap] [INFO] Saved SHAP force plot for sample 1 to /Users/sanidhya/Documents/Projects/M.Tech Project/BANKING_XAI_PROJECT/artifacts/shap_force_1.png
[2026-04-08 22:46:34,085] [explainability_shap] [INFO] Saved SHAP force plot for sample 2 to /Users/sanidhya/Documents/Projects/M.Tech Project/BANKING_XAI_PROJECT/artifacts/shap_force_2.png
[2026-04-08 22:46:34,236] [explainability_shap] [INFO] Saved SHAP force plot for sample 3 to /Users/sanidhya/Documents/Projects/M.Tech Project/BANKING_XAI_PROJECT/artifacts/shap_force_3.png
[2026-04-08 22:46:34,370] [explainability_shap] [INFO] Saved SHAP force plot for sample 4 to /Users/sanidhya/Documents/Projects/M.Tech Project/BANKING_XAI_PROJECT/artifacts/shap_force_4.png
[2026-04-08 22:46:34,412] [explainability_shap] [INFO] Saved SHAP explainer to /Users/sanidhya/Documents/Projects/M.Tech Project/BANKING_XAI_PROJECT/artifacts/shap_explainer.joblib
[2026-04-08 23:25:03,140] [phase1.explainability_shap] [INFO] Initializing SHAP TreeExplainer
[2026-04-08 23:25:03,156] [phase1.explainability_shap] [INFO] Sampling test data for SHAP
[2026-04-08 23:25:03,192] [phase1.explainability_shap] [INFO] Computing SHAP values for 1000 samples
[2026-04-08 23:25:04,423] [phase1.explainability_shap] [INFO] Saved SHAP summary plot to /Users/sanidhya/Documents/Projects/M.Tech Project/BANKING_XAI_PROJECT/artifacts/shap_summary.png
[2026-04-08 23:25:04,626] [phase1.explainability_shap] [INFO] Saved SHAP force plot for sample 0 to /Users/sanidhya/Documents/Projects/M.Tech Project/BANKING_XAI_PROJECT/artifacts/shap_force_0.png
[2026-04-08 23:25:04,765] [phase1.explainability_shap] [INFO] Saved SHAP force plot for sample 1 to /Users/sanidhya/Documents/Projects/M.Tech Project/BANKING_XAI_PROJECT/artifacts/shap_force_1.png
[2026-04-08 23:25:04,880] [phase1.explainability_shap] [INFO] Saved SHAP force plot for sample 2 to /Users/sanidhya/Documents/Projects/M.Tech Project/BANKING_XAI_PROJECT/artifacts/shap_force_2.png
[2026-04-08 23:25:05,018] [phase1.explainability_shap] [INFO] Saved SHAP force plot for sample 3 to /Users/sanidhya/Documents/Projects/M.Tech Project/BANKING_XAI_PROJECT/artifacts/shap_force_3.png
[2026-04-08 23:25:05,225] [phase1.explainability_shap] [INFO] Saved SHAP force plot for sample 4 to /Users/sanidhya/Documents/Projects/M.Tech Project/BANKING_XAI_PROJECT/artifacts/shap_force_4.png
[2026-04-08 23:25:05,267] [phase1.explainability_shap] [INFO] Saved SHAP explainer to /Users/sanidhya/Documents/Projects/M.Tech Project/BANKING_XAI_PROJECT/artifacts/shap_explainer.joblib
[2026-04-08 23:43:27,966] [phase1.explainability_shap] [INFO] Initializing SHAP TreeExplainer
[2026-04-08 23:43:27,982] [phase1.explainability_shap] [INFO] Sampling test data for SHAP
[2026-04-08 23:43:28,018] [phase1.explainability_shap] [INFO] Computing SHAP values for 1000 samples
[2026-04-08 23:43:28,701] [phase1.explainability_shap] [INFO] Saved SHAP summary plot to /Users/sanidhya/Documents/Projects/M.Tech Project/BANKING_XAI_PROJECT/artifacts/shap_summary.png
[2026-04-08 23:43:28,886] [phase1.explainability_shap] [INFO] Saved SHAP force plot for sample 0 to /Users/sanidhya/Documents/Projects/M.Tech Project/BANKING_XAI_PROJECT/artifacts/shap_force_0.png
[2026-04-08 23:43:28,986] [phase1.explainability_shap] [INFO] Saved SHAP force plot for sample 1 to /Users/sanidhya/Documents/Projects/M.Tech Project/BANKING_XAI_PROJECT/artifacts/shap_force_1.png
[2026-04-08 23:43:29,094] [phase1.explainability_shap] [INFO] Saved SHAP force plot for sample 2 to /Users/sanidhya/Documents/Projects/M.Tech Project/BANKING_XAI_PROJECT/artifacts/shap_force_2.png
[2026-04-08 23:43:29,206] [phase1.explainability_shap] [INFO] Saved SHAP force plot for sample 3 to /Users/sanidhya/Documents/Projects/M.Tech Project/BANKING_XAI_PROJECT/artifacts/shap_force_3.png
[2026-04-08 23:43:29,317] [phase1.explainability_shap] [INFO] Saved SHAP force plot for sample 4 to /Users/sanidhya/Documents/Projects/M.Tech Project/BANKING_XAI_PROJECT/artifacts/shap_force_4.png
[2026-04-08 23:43:29,359] [phase1.explainability_shap] [INFO] Saved SHAP explainer to /Users/sanidhya/Documents/Projects/M.Tech Project/BANKING_XAI_PROJECT/artifacts/shap_explainer.joblib
[2026-04-09 00:22:32,185] [phase1.explainability_shap] [INFO] Initializing SHAP TreeExplainer
[2026-04-09 00:22:32,202] [phase1.explainability_shap] [INFO] Sampling test data for SHAP
[2026-04-09 00:22:32,202] [phase1.explainability_shap] [INFO] Computing SHAP values for 1000 samples
[2026-04-09 00:22:33,404] [phase1.explainability_shap] [INFO] Saved SHAP summary plot to /Users/sanidhya/Documents/Projects/M.Tech Project/BANKING_XAI_PROJECT/artifacts/shap_summary.png
[2026-04-09 00:22:33,597] [phase1.explainability_shap] [INFO] Saved SHAP force plot for sample 0 to /Users/sanidhya/Documents/Projects/M.Tech Project/BANKING_XAI_PROJECT/artifacts/shap_force_0.png
[2026-04-09 00:22:33,732] [phase1.explainability_shap] [INFO] Saved SHAP force plot for sample 1 to /Users/sanidhya/Documents/Projects/M.Tech Project/BANKING_XAI_PROJECT/artifacts/shap_force_1.png
[2026-04-09 00:22:33,880] [phase1.explainability_shap] [INFO] Saved SHAP force plot for sample 2 to /Users/sanidhya/Documents/Projects/M.Tech Project/BANKING_XAI_PROJECT/artifacts/shap_force_2.png
[2026-04-09 00:22:34,005] [phase1.explainability_shap] [INFO] Saved SHAP force plot for sample 3 to /Users/sanidhya/Documents/Projects/M.Tech Project/BANKING_XAI_PROJECT/artifacts/shap_force_3.png
[2026-04-09 00:22:34,116] [phase1.explainability_shap] [INFO] Saved SHAP force plot for sample 4 to /Users/sanidhya/Documents/Projects/M.Tech Project/BANKING_XAI_PROJECT/artifacts/shap_force_4.png
[2026-04-09 00:22:34,216] [phase1.explainability_shap] [INFO] Saved SHAP explainer to /Users/sanidhya/Documents/Projects/M.Tech Project/BANKING_XAI_PROJECT/artifacts/shap_explainer.joblib
[2026-04-09 00:26:19,443] [phase1.explainability_shap] [INFO] Initializing SHAP TreeExplainer
[2026-04-09 00:26:19,458] [phase1.explainability_shap] [INFO] Sampling test data for SHAP
[2026-04-09 00:26:19,458] [phase1.explainability_shap] [INFO] Computing SHAP values for 1000 samples
[2026-04-09 00:26:19,837] [phase1.explainability_shap] [INFO] Saved SHAP summary plot to /Users/sanidhya/Documents/Projects/M.Tech Project/BANKING_XAI_PROJECT/artifacts/shap_summary.png
[2026-04-09 00:26:19,983] [phase1.explainability_shap] [INFO] Saved SHAP force plot for sample 0 to /Users/sanidhya/Documents/Projects/M.Tech Project/BANKING_XAI_PROJECT/artifacts/shap_force_0.png
[2026-04-09 00:26:20,137] [phase1.explainability_shap] [INFO] Saved SHAP force plot for sample 1 to /Users/sanidhya/Documents/Projects/M.Tech Project/BANKING_XAI_PROJECT/artifacts/shap_force_1.png
[2026-04-09 00:26:20,256] [phase1.explainability_shap] [INFO] Saved SHAP force plot for sample 2 to /Users/sanidhya/Documents/Projects/M.Tech Project/BANKING_XAI_PROJECT/artifacts/shap_force_2.png
[2026-04-09 00:26:20,423] [phase1.explainability_shap] [INFO] Saved SHAP force plot for sample 3 to /Users/sanidhya/Documents/Projects/M.Tech Project/BANKING_XAI_PROJECT/artifacts/shap_force_3.png
[2026-04-09 00:26:20,647] [phase1.explainability_shap] [INFO] Saved SHAP force plot for sample 4 to /Users/sanidhya/Documents/Projects/M.Tech Project/BANKING_XAI_PROJECT/artifacts/shap_force_4.png
[2026-04-09 00:26:20,685] [phase1.explainability_shap] [INFO] Saved SHAP explainer to /Users/sanidhya/Documents/Projects/M.Tech Project/BANKING_XAI_PROJECT/artifacts/shap_explainer.joblib
[2026-04-09 00:52:24,989] [phase1.explainability_shap] [INFO] Initializing SHAP TreeExplainer
[2026-04-09 00:52:25,038] [phase1.explainability_shap] [INFO] Sampling test data for SHAP
[2026-04-09 00:52:25,038] [phase1.explainability_shap] [INFO] Computing SHAP values for 1000 samples
[2026-04-09 00:52:25,592] [phase1.explainability_shap] [INFO] Saved SHAP summary plot to /Users/sanidhya/Documents/Projects/M.Tech Project/BANKING_XAI_PROJECT/artifacts/shap_summary.png
[2026-04-09 00:52:25,764] [phase1.explainability_shap] [INFO] Saved SHAP force plot for sample 0 to /Users/sanidhya/Documents/Projects/M.Tech Project/BANKING_XAI_PROJECT/artifacts/shap_force_0.png
[2026-04-09 00:52:25,882] [phase1.explainability_shap] [INFO] Saved SHAP force plot for sample 1 to /Users/sanidhya/Documents/Projects/M.Tech Project/BANKING_XAI_PROJECT/artifacts/shap_force_1.png
[2026-04-09 00:52:26,058] [phase1.explainability_shap] [INFO] Saved SHAP force plot for sample 2 to /Users/sanidhya/Documents/Projects/M.Tech Project/BANKING_XAI_PROJECT/artifacts/shap_force_2.png
[2026-04-09 00:52:26,244] [phase1.explainability_shap] [INFO] Saved SHAP force plot for sample 3 to /Users/sanidhya/Documents/Projects/M.Tech Project/BANKING_XAI_PROJECT/artifacts/shap_force_3.png
[2026-04-09 00:52:26,359] [phase1.explainability_shap] [INFO] Saved SHAP force plot for sample 4 to /Users/sanidhya/Documents/Projects/M.Tech Project/BANKING_XAI_PROJECT/artifacts/shap_force_4.png
[2026-04-09 00:52:26,424] [phase1.explainability_shap] [INFO] Saved SHAP explainer to /Users/sanidhya/Documents/Projects/M.Tech Project/BANKING_XAI_PROJECT/artifacts/shap_explainer.joblib
[2026-04-09 01:44:44,660] [phase1.explainability_shap] [INFO] Initializing SHAP TreeExplainer
[2026-04-09 01:44:44,697] [phase1.explainability_shap] [INFO] Sampling test data for SHAP
[2026-04-09 01:44:44,697] [phase1.explainability_shap] [INFO] Computing SHAP values for 1000 samples
[2026-04-09 01:44:45,268] [phase1.explainability_shap] [INFO] Saved SHAP summary plot to /Users/sanidhya/Documents/Projects/M.Tech Project/BANKING_XAI_PROJECT/artifacts/shap_summary.png
[2026-04-09 01:44:45,528] [phase1.explainability_shap] [INFO] Saved SHAP force plot for sample 0 to /Users/sanidhya/Documents/Projects/M.Tech Project/BANKING_XAI_PROJECT/artifacts/shap_force_0.png
[2026-04-09 01:44:45,670] [phase1.explainability_shap] [INFO] Saved SHAP force plot for sample 1 to /Users/sanidhya/Documents/Projects/M.Tech Project/BANKING_XAI_PROJECT/artifacts/shap_force_1.png
[2026-04-09 01:44:45,827] [phase1.explainability_shap] [INFO] Saved SHAP force plot for sample 2 to /Users/sanidhya/Documents/Projects/M.Tech Project/BANKING_XAI_PROJECT/artifacts/shap_force_2.png
[2026-04-09 01:44:45,966] [phase1.explainability_shap] [INFO] Saved SHAP force plot for sample 3 to /Users/sanidhya/Documents/Projects/M.Tech Project/BANKING_XAI_PROJECT/artifacts/shap_force_3.png
[2026-04-09 01:44:46,124] [phase1.explainability_shap] [INFO] Saved SHAP force plot for sample 4 to /Users/sanidhya/Documents/Projects/M.Tech Project/BANKING_XAI_PROJECT/artifacts/shap_force_4.png
[2026-04-09 01:44:46,189] [phase1.explainability_shap] [INFO] Saved SHAP explainer to /Users/sanidhya/Documents/Projects/M.Tech Project/BANKING_XAI_PROJECT/artifacts/shap_explainer.joblib
[2026-04-09 01:53:40,005] [phase1.explainability_shap] [INFO] Initializing SHAP TreeExplainer
[2026-04-09 01:53:40,041] [phase1.explainability_shap] [INFO] Sampling test data for SHAP
[2026-04-09 01:53:40,041] [phase1.explainability_shap] [INFO] Computing SHAP values for 1000 samples
[2026-04-09 01:53:40,601] [phase1.explainability_shap] [INFO] Saved SHAP summary plot to /Users/sanidhya/Documents/Projects/M.Tech Project/BANKING_XAI_PROJECT/artifacts/shap_summary.png
[2026-04-09 01:53:40,885] [phase1.explainability_shap] [INFO] Saved SHAP force plot for sample 0 to /Users/sanidhya/Documents/Projects/M.Tech Project/BANKING_XAI_PROJECT/artifacts/shap_force_0.png
[2026-04-09 01:53:41,055] [phase1.explainability_shap] [INFO] Saved SHAP force plot for sample 1 to /Users/sanidhya/Documents/Projects/M.Tech Project/BANKING_XAI_PROJECT/artifacts/shap_force_1.png
[2026-04-09 01:53:41,184] [phase1.explainability_shap] [INFO] Saved SHAP force plot for sample 2 to /Users/sanidhya/Documents/Projects/M.Tech Project/BANKING_XAI_PROJECT/artifacts/shap_force_2.png
[2026-04-09 01:53:41,313] [phase1.explainability_shap] [INFO] Saved SHAP force plot for sample 3 to /Users/sanidhya/Documents/Projects/M.Tech Project/BANKING_XAI_PROJECT/artifacts/shap_force_3.png
[2026-04-09 01:53:41,429] [phase1.explainability_shap] [INFO] Saved SHAP force plot for sample 4 to /Users/sanidhya/Documents/Projects/M.Tech Project/BANKING_XAI_PROJECT/artifacts/shap_force_4.png
[2026-04-09 01:53:41,492] [phase1.explainability_shap] [INFO] Saved SHAP explainer to /Users/sanidhya/Documents/Projects/M.Tech Project/BANKING_XAI_PROJECT/artifacts/shap_explainer.joblib
[2026-04-09 10:36:05,314] [phase1.explainability_shap] [INFO] Initializing SHAP TreeExplainer
[2026-04-09 10:36:05,346] [phase1.explainability_shap] [INFO] Sampling test data for SHAP
[2026-04-09 10:36:05,346] [phase1.explainability_shap] [INFO] Computing SHAP values for 1000 samples
[2026-04-09 10:36:05,936] [phase1.explainability_shap] [INFO] Saved SHAP summary plot to /Users/sanidhya/Documents/Projects/M.Tech Project/BANKING_XAI_PROJECT/artifacts/shap_summary.png
[2026-04-09 10:36:06,245] [phase1.explainability_shap] [INFO] Saved SHAP force plot for sample 0 to /Users/sanidhya/Documents/Projects/M.Tech Project/BANKING_XAI_PROJECT/artifacts/shap_force_0.png
[2026-04-09 10:36:06,370] [phase1.explainability_shap] [INFO] Saved SHAP force plot for sample 1 to /Users/sanidhya/Documents/Projects/M.Tech Project/BANKING_XAI_PROJECT/artifacts/shap_force_1.png
[2026-04-09 10:36:06,472] [phase1.explainability_shap] [INFO] Saved SHAP force plot for sample 2 to /Users/sanidhya/Documents/Projects/M.Tech Project/BANKING_XAI_PROJECT/artifacts/shap_force_2.png
[2026-04-09 10:36:06,585] [phase1.explainability_shap] [INFO] Saved SHAP force plot for sample 3 to /Users/sanidhya/Documents/Projects/M.Tech Project/BANKING_XAI_PROJECT/artifacts/shap_force_3.png
[2026-04-09 10:36:06,723] [phase1.explainability_shap] [INFO] Saved SHAP force plot for sample 4 to /Users/sanidhya/Documents/Projects/M.Tech Project/BANKING_XAI_PROJECT/artifacts/shap_force_4.png
[2026-04-09 10:36:06,787] [phase1.explainability_shap] [INFO] Saved SHAP explainer to /Users/sanidhya/Documents/Projects/M.Tech Project/BANKING_XAI_PROJECT/artifacts/shap_explainer.joblib
[2026-04-09 11:44:51,817] [phase1.explainability_shap] [INFO] Initializing SHAP TreeExplainer
[2026-04-09 11:44:51,851] [phase1.explainability_shap] [INFO] Sampling test data for SHAP
[2026-04-09 11:44:51,851] [phase1.explainability_shap] [INFO] Computing SHAP values for 1000 samples
[2026-04-09 11:44:52,431] [phase1.explainability_shap] [INFO] Saved SHAP summary plot to /Users/sanidhya/Documents/Projects/M.Tech Project/BANKING_XAI_PROJECT/artifacts/shap_summary.png
[2026-04-09 11:44:52,712] [phase1.explainability_shap] [INFO] Saved SHAP force plot for sample 0 to /Users/sanidhya/Documents/Projects/M.Tech Project/BANKING_XAI_PROJECT/artifacts/shap_force_0.png
[2026-04-09 11:44:52,861] [phase1.explainability_shap] [INFO] Saved SHAP force plot for sample 1 to /Users/sanidhya/Documents/Projects/M.Tech Project/BANKING_XAI_PROJECT/artifacts/shap_force_1.png
[2026-04-09 11:44:52,988] [phase1.explainability_shap] [INFO] Saved SHAP force plot for sample 2 to /Users/sanidhya/Documents/Projects/M.Tech Project/BANKING_XAI_PROJECT/artifacts/shap_force_2.png
[2026-04-09 11:44:53,104] [phase1.explainability_shap] [INFO] Saved SHAP force plot for sample 3 to /Users/sanidhya/Documents/Projects/M.Tech Project/BANKING_XAI_PROJECT/artifacts/shap_force_3.png
[2026-04-09 11:44:53,262] [phase1.explainability_shap] [INFO] Saved SHAP force plot for sample 4 to /Users/sanidhya/Documents/Projects/M.Tech Project/BANKING_XAI_PROJECT/artifacts/shap_force_4.png
[2026-04-09 11:44:53,327] [phase1.explainability_shap] [INFO] Saved SHAP explainer to /Users/sanidhya/Documents/Projects/M.Tech Project/BANKING_XAI_PROJECT/artifacts/shap_explainer.joblib
[2026-04-09 12:19:29,906] [phase1.explainability_shap] [INFO] Initializing SHAP TreeExplainer
[2026-04-09 12:19:29,940] [phase1.explainability_shap] [INFO] Sampling test data for SHAP
[2026-04-09 12:19:29,940] [phase1.explainability_shap] [INFO] Computing SHAP values for 1000 samples
[2026-04-09 12:19:30,534] [phase1.explainability_shap] [INFO] Saved SHAP summary plot to /Users/sanidhya/Documents/Projects/M.Tech Project/BANKING_XAI_PROJECT/artifacts/shap_summary.png
[2026-04-09 12:19:30,762] [phase1.explainability_shap] [INFO] Saved SHAP force plot for sample 0 to /Users/sanidhya/Documents/Projects/M.Tech Project/BANKING_XAI_PROJECT/artifacts/shap_force_0.png
[2026-04-09 12:19:30,922] [phase1.explainability_shap] [INFO] Saved SHAP force plot for sample 1 to /Users/sanidhya/Documents/Projects/M.Tech Project/BANKING_XAI_PROJECT/artifacts/shap_force_1.png
[2026-04-09 12:19:31,061] [phase1.explainability_shap] [INFO] Saved SHAP force plot for sample 2 to /Users/sanidhya/Documents/Projects/M.Tech Project/BANKING_XAI_PROJECT/artifacts/shap_force_2.png
[2026-04-09 12:19:31,190] [phase1.explainability_shap] [INFO] Saved SHAP force plot for sample 3 to /Users/sanidhya/Documents/Projects/M.Tech Project/BANKING_XAI_PROJECT/artifacts/shap_force_3.png
[2026-04-09 12:19:31,317] [phase1.explainability_shap] [INFO] Saved SHAP force plot for sample 4 to /Users/sanidhya/Documents/Projects/M.Tech Project/BANKING_XAI_PROJECT/artifacts/shap_force_4.png
[2026-04-09 12:19:31,381] [phase1.explainability_shap] [INFO] Saved SHAP explainer to /Users/sanidhya/Documents/Projects/M.Tech Project/BANKING_XAI_PROJECT/artifacts/shap_explainer.joblib
[2026-04-09 13:06:52,618] [phase1.explainability_shap] [INFO] Initializing SHAP TreeExplainer
[2026-04-09 13:06:52,652] [phase1.explainability_shap] [INFO] Sampling test data for SHAP
[2026-04-09 13:06:52,653] [phase1.explainability_shap] [INFO] Computing SHAP values for 1000 samples
[2026-04-09 13:06:53,209] [phase1.explainability_shap] [INFO] Saved SHAP summary plot to /Users/sanidhya/Documents/Projects/M.Tech Project/BANKING_XAI_PROJECT/artifacts/shap_summary.png
[2026-04-09 13:06:53,457] [phase1.explainability_shap] [INFO] Saved SHAP force plot for sample 0 to /Users/sanidhya/Documents/Projects/M.Tech Project/BANKING_XAI_PROJECT/artifacts/shap_force_0.png
[2026-04-09 13:06:53,588] [phase1.explainability_shap] [INFO] Saved SHAP force plot for sample 1 to /Users/sanidhya/Documents/Projects/M.Tech Project/BANKING_XAI_PROJECT/artifacts/shap_force_1.png
[2026-04-09 13:06:53,718] [phase1.explainability_shap] [INFO] Saved SHAP force plot for sample 2 to /Users/sanidhya/Documents/Projects/M.Tech Project/BANKING_XAI_PROJECT/artifacts/shap_force_2.png
[2026-04-09 13:06:53,820] [phase1.explainability_shap] [INFO] Saved SHAP force plot for sample 3 to /Users/sanidhya/Documents/Projects/M.Tech Project/BANKING_XAI_PROJECT/artifacts/shap_force_3.png
[2026-04-09 13:06:53,951] [phase1.explainability_shap] [INFO] Saved SHAP force plot for sample 4 to /Users/sanidhya/Documents/Projects/M.Tech Project/BANKING_XAI_PROJECT/artifacts/shap_force_4.png
[2026-04-09 13:06:54,015] [phase1.explainability_shap] [INFO] Saved SHAP explainer to /Users/sanidhya/Documents/Projects/M.Tech Project/BANKING_XAI_PROJECT/artifacts/shap_explainer.joblib
[2026-04-09 13:11:45,472] [phase1.explainability_shap] [INFO] Initializing SHAP TreeExplainer
[2026-04-09 13:11:45,507] [phase1.explainability_shap] [INFO] Sampling test data for SHAP
[2026-04-09 13:11:45,507] [phase1.explainability_shap] [INFO] Computing SHAP values for 1000 samples
[2026-04-09 13:11:46,051] [phase1.explainability_shap] [INFO] Saved SHAP summary plot to /Users/sanidhya/Documents/Projects/M.Tech Project/BANKING_XAI_PROJECT/artifacts/shap_summary.png
[2026-04-09 13:11:46,348] [phase1.explainability_shap] [INFO] Saved SHAP force plot for sample 0 to /Users/sanidhya/Documents/Projects/M.Tech Project/BANKING_XAI_PROJECT/artifacts/shap_force_0.png
[2026-04-09 13:11:46,475] [phase1.explainability_shap] [INFO] Saved SHAP force plot for sample 1 to /Users/sanidhya/Documents/Projects/M.Tech Project/BANKING_XAI_PROJECT/artifacts/shap_force_1.png
[2026-04-09 13:11:46,616] [phase1.explainability_shap] [INFO] Saved SHAP force plot for sample 2 to /Users/sanidhya/Documents/Projects/M.Tech Project/BANKING_XAI_PROJECT/artifacts/shap_force_2.png
[2026-04-09 13:11:46,719] [phase1.explainability_shap] [INFO] Saved SHAP force plot for sample 3 to /Users/sanidhya/Documents/Projects/M.Tech Project/BANKING_XAI_PROJECT/artifacts/shap_force_3.png
[2026-04-09 13:11:46,848] [phase1.explainability_shap] [INFO] Saved SHAP force plot for sample 4 to /Users/sanidhya/Documents/Projects/M.Tech Project/BANKING_XAI_PROJECT/artifacts/shap_force_4.png
[2026-04-09 13:11:46,912] [phase1.explainability_shap] [INFO] Saved SHAP explainer to /Users/sanidhya/Documents/Projects/M.Tech Project/BANKING_XAI_PROJECT/artifacts/shap_explainer.joblib
[2026-04-09 16:32:32,568] [phase1.explainability_shap] [INFO] Initializing SHAP TreeExplainer
[2026-04-09 16:32:32,602] [phase1.explainability_shap] [INFO] Sampling test data for SHAP
[2026-04-09 16:32:32,603] [phase1.explainability_shap] [INFO] Computing SHAP values for 1000 samples
[2026-04-09 16:32:33,170] [phase1.explainability_shap] [INFO] Saved SHAP summary plot to /Users/sanidhya/Documents/Projects/M.Tech Project/BANKING_XAI_PROJECT/artifacts/shap_summary.png
[2026-04-09 16:32:33,454] [phase1.explainability_shap] [INFO] Saved SHAP force plot for sample 0 to /Users/sanidhya/Documents/Projects/M.Tech Project/BANKING_XAI_PROJECT/artifacts/shap_force_0.png
[2026-04-09 16:32:33,596] [phase1.explainability_shap] [INFO] Saved SHAP force plot for sample 1 to /Users/sanidhya/Documents/Projects/M.Tech Project/BANKING_XAI_PROJECT/artifacts/shap_force_1.png
[2026-04-09 16:32:33,738] [phase1.explainability_shap] [INFO] Saved SHAP force plot for sample 2 to /Users/sanidhya/Documents/Projects/M.Tech Project/BANKING_XAI_PROJECT/artifacts/shap_force_2.png
[2026-04-09 16:32:33,855] [phase1.explainability_shap] [INFO] Saved SHAP force plot for sample 3 to /Users/sanidhya/Documents/Projects/M.Tech Project/BANKING_XAI_PROJECT/artifacts/shap_force_3.png
[2026-04-09 16:32:33,970] [phase1.explainability_shap] [INFO] Saved SHAP force plot for sample 4 to /Users/sanidhya/Documents/Projects/M.Tech Project/BANKING_XAI_PROJECT/artifacts/shap_force_4.png
[2026-04-09 16:32:34,035] [phase1.explainability_shap] [INFO] Saved SHAP explainer to /Users/sanidhya/Documents/Projects/M.Tech Project/BANKING_XAI_PROJECT/artifacts/shap_explainer.joblib
[2026-04-09 17:10:50,087] [phase1.explainability_shap] [INFO] Initializing SHAP TreeExplainer
[2026-04-09 17:10:50,126] [phase1.explainability_shap] [INFO] Sampling test data for SHAP
[2026-04-09 17:10:50,126] [phase1.explainability_shap] [INFO] Computing SHAP values for 1000 samples
[2026-04-09 17:10:50,767] [phase1.explainability_shap] [INFO] Saved SHAP summary plot to /Users/sanidhya/Documents/Projects/M.Tech Project/BANKING_XAI_PROJECT/artifacts/shap_summary.png
[2026-04-09 17:10:51,033] [phase1.explainability_shap] [INFO] Saved SHAP force plot for sample 0 to /Users/sanidhya/Documents/Projects/M.Tech Project/BANKING_XAI_PROJECT/artifacts/shap_force_0.png
[2026-04-09 17:10:51,213] [phase1.explainability_shap] [INFO] Saved SHAP force plot for sample 1 to /Users/sanidhya/Documents/Projects/M.Tech Project/BANKING_XAI_PROJECT/artifacts/shap_force_1.png
[2026-04-09 17:10:51,370] [phase1.explainability_shap] [INFO] Saved SHAP force plot for sample 2 to /Users/sanidhya/Documents/Projects/M.Tech Project/BANKING_XAI_PROJECT/artifacts/shap_force_2.png
[2026-04-09 17:10:51,522] [phase1.explainability_shap] [INFO] Saved SHAP force plot for sample 3 to /Users/sanidhya/Documents/Projects/M.Tech Project/BANKING_XAI_PROJECT/artifacts/shap_force_3.png
[2026-04-09 17:10:51,698] [phase1.explainability_shap] [INFO] Saved SHAP force plot for sample 4 to /Users/sanidhya/Documents/Projects/M.Tech Project/BANKING_XAI_PROJECT/artifacts/shap_force_4.png
[2026-04-09 17:10:51,764] [phase1.explainability_shap] [INFO] Saved SHAP explainer to /Users/sanidhya/Documents/Projects/M.Tech Project/BANKING_XAI_PROJECT/artifacts/shap_explainer.joblib
