[2026-04-08 22:46:27,658] [feature_engineering] [INFO] Adding domain-specific features where possible
[2026-04-08 22:46:27,658] [feature_engineering] [INFO] Creating feature: emi_to_income_ratio
[2026-04-08 22:46:27,660] [feature_engineering] [INFO] Creating feature: total_credit_utilization_ratio
[2026-04-08 22:46:27,662] [feature_engineering] [INFO] Creating feature: avg_debit_limit_per_active_account
[2026-04-08 22:46:27,663] [feature_engineering] [INFO] Creating feature: credit_history_length_years
[2026-04-08 22:46:27,670] [feature_engineering] [INFO] Creating feature: high_dti_flag
[2026-04-08 23:24:40,253] [phase1.feature_engineering] [INFO] Adding domain-specific features where possible
[2026-04-08 23:24:40,253] [phase1.feature_engineering] [INFO] Creating feature: emi_to_income_ratio
[2026-04-08 23:24:40,256] [phase1.feature_engineering] [INFO] Creating feature: total_credit_utilization_ratio
[2026-04-08 23:24:40,257] [phase1.feature_engineering] [INFO] Creating feature: avg_debit_limit_per_active_account
[2026-04-08 23:24:40,258] [phase1.feature_engineering] [INFO] Creating feature: credit_history_length_years
[2026-04-08 23:24:40,264] [phase1.feature_engineering] [INFO] Creating feature: high_dti_flag
[2026-04-08 23:43:04,106] [phase1.feature_engineering] [INFO] Adding domain-specific features where possible
[2026-04-08 23:43:04,106] [phase1.feature_engineering] [INFO] Creating feature: emi_to_income_ratio
[2026-04-08 23:43:04,110] [phase1.feature_engineering] [INFO] Creating feature: total_credit_utilization_ratio
[2026-04-08 23:43:04,111] [phase1.feature_engineering] [INFO] Creating feature: avg_debit_limit_per_active_account
[2026-04-08 23:43:04,111] [phase1.feature_engineering] [INFO] Creating feature: credit_history_length_years
[2026-04-08 23:43:04,118] [phase1.feature_engineering] [INFO] Creating feature: high_dti_flag
[2026-04-09 00:22:31,072] [phase1.feature_engineering] [INFO] Adding domain-specific features
[2026-04-09 00:22:31,076] [phase1.feature_engineering] [INFO] Creating feature: emi_to_income_ratio
[2026-04-09 00:22:31,077] [phase1.feature_engineering] [INFO] Creating feature: total_credit_utilization_ratio
[2026-04-09 00:22:31,078] [phase1.feature_engineering] [INFO] Creating feature: avg_debit_limit_per_active_account
[2026-04-09 00:22:31,078] [phase1.feature_engineering] [INFO] Creating feature: credit_history_length_years
[2026-04-09 00:22:31,084] [phase1.feature_engineering] [INFO] Creating feature: high_dti_flag
[2026-04-09 00:22:31,085] [phase1.feature_engineering] [INFO] Creating feature: open_credit_ratio
[2026-04-09 00:22:31,085] [phase1.feature_engineering] [INFO] Creating feature: cc_carrying_balance_ratio
[2026-04-09 00:22:31,085] [phase1.feature_engineering] [INFO] Creating feature: installment_burden_ratio
[2026-04-09 00:22:31,086] [phase1.feature_engineering] [INFO] Creating feature: delinquency_score
[2026-04-09 00:22:31,086] [phase1.feature_engineering] [INFO] Creating feature: bankruptcy_or_tax_issue
[2026-04-09 00:22:31,086] [phase1.feature_engineering] [INFO] Creating feature: recent_inquiry_risk
[2026-04-09 00:22:31,087] [phase1.feature_engineering] [INFO] Feature engineering completed. Final shape: (10000, 66)
[2026-04-09 00:26:18,380] [phase1.feature_engineering] [INFO] Adding domain-specific features
[2026-04-09 00:26:18,383] [phase1.feature_engineering] [INFO] Creating feature: emi_to_income_ratio
[2026-04-09 00:26:18,384] [phase1.feature_engineering] [INFO] Creating feature: total_credit_utilization_ratio
[2026-04-09 00:26:18,385] [phase1.feature_engineering] [INFO] Creating feature: avg_debit_limit_per_active_account
[2026-04-09 00:26:18,385] [phase1.feature_engineering] [INFO] Creating feature: credit_history_length_years
[2026-04-09 00:26:18,391] [phase1.feature_engineering] [INFO] Creating feature: high_dti_flag
[2026-04-09 00:26:18,392] [phase1.feature_engineering] [INFO] Creating feature: open_credit_ratio
[2026-04-09 00:26:18,392] [phase1.feature_engineering] [INFO] Creating feature: cc_carrying_balance_ratio
[2026-04-09 00:26:18,393] [phase1.feature_engineering] [INFO] Creating feature: installment_burden_ratio
[2026-04-09 00:26:18,393] [phase1.feature_engineering] [INFO] Creating feature: delinquency_score
[2026-04-09 00:26:18,393] [phase1.feature_engineering] [INFO] Creating feature: bankruptcy_or_tax_issue
[2026-04-09 00:26:18,394] [phase1.feature_engineering] [INFO] Creating feature: recent_inquiry_risk
[2026-04-09 00:26:18,394] [phase1.feature_engineering] [INFO] Feature engineering completed. Final shape: (10000, 66)
[2026-04-09 00:52:22,274] [phase1.feature_engineering] [INFO] Adding domain-specific features
[2026-04-09 00:52:22,283] [phase1.feature_engineering] [INFO] Creating feature: emi_to_income_ratio
[2026-04-09 00:52:22,284] [phase1.feature_engineering] [INFO] Creating feature: total_credit_utilization_ratio
[2026-04-09 00:52:22,285] [phase1.feature_engineering] [INFO] Creating feature: avg_debit_limit_per_active_account
[2026-04-09 00:52:22,286] [phase1.feature_engineering] [INFO] Creating feature: credit_history_length_years
[2026-04-09 00:52:22,292] [phase1.feature_engineering] [INFO] Creating feature: high_dti_flag
[2026-04-09 00:52:22,292] [phase1.feature_engineering] [INFO] Creating feature: open_credit_ratio
[2026-04-09 00:52:22,293] [phase1.feature_engineering] [INFO] Creating feature: cc_carrying_balance_ratio
[2026-04-09 00:52:22,293] [phase1.feature_engineering] [INFO] Creating feature: installment_burden_ratio
[2026-04-09 00:52:22,293] [phase1.feature_engineering] [INFO] Creating feature: delinquency_score
[2026-04-09 00:52:22,294] [phase1.feature_engineering] [INFO] Creating feature: bankruptcy_or_tax_issue
[2026-04-09 00:52:22,294] [phase1.feature_engineering] [INFO] Creating feature: recent_inquiry_risk
[2026-04-09 00:52:22,294] [phase1.feature_engineering] [INFO] Feature engineering completed. Final shape: (10000, 66)
[2026-04-09 01:44:41,935] [phase1.feature_engineering] [INFO] Adding domain-specific features
[2026-04-09 01:44:41,950] [phase1.feature_engineering] [INFO] Creating feature: emi_to_income_ratio
[2026-04-09 01:44:41,952] [phase1.feature_engineering] [INFO] Creating feature: total_credit_utilization_ratio
[2026-04-09 01:44:41,953] [phase1.feature_engineering] [INFO] Creating feature: avg_debit_limit_per_active_account
[2026-04-09 01:44:41,953] [phase1.feature_engineering] [INFO] Creating feature: credit_history_length_years
[2026-04-09 01:44:41,960] [phase1.feature_engineering] [INFO] Creating feature: high_dti_flag
[2026-04-09 01:44:41,961] [phase1.feature_engineering] [INFO] Creating feature: open_credit_ratio
[2026-04-09 01:44:41,961] [phase1.feature_engineering] [INFO] Creating feature: cc_carrying_balance_ratio
[2026-04-09 01:44:41,961] [phase1.feature_engineering] [INFO] Creating feature: installment_burden_ratio
[2026-04-09 01:44:41,962] [phase1.feature_engineering] [INFO] Creating feature: delinquency_score
[2026-04-09 01:44:41,962] [phase1.feature_engineering] [INFO] Creating feature: bankruptcy_or_tax_issue
[2026-04-09 01:44:41,962] [phase1.feature_engineering] [INFO] Creating feature: recent_inquiry_risk
[2026-04-09 01:44:41,963] [phase1.feature_engineering] [INFO] Feature engineering completed. Final shape: (10000, 66)
[2026-04-09 01:48:29,265] [phase1.feature_engineering] [INFO] Adding domain-specific features
[2026-04-09 01:48:29,269] [phase1.feature_engineering] [INFO] Creating feature: emi_to_income_ratio
[2026-04-09 01:48:29,270] [phase1.feature_engineering] [INFO] Creating feature: total_credit_utilization_ratio
[2026-04-09 01:48:29,270] [phase1.feature_engineering] [INFO] Creating feature: avg_debit_limit_per_active_account
[2026-04-09 01:48:29,271] [phase1.feature_engineering] [INFO] Creating feature: credit_history_length_years
[2026-04-09 01:48:29,277] [phase1.feature_engineering] [INFO] Creating feature: high_dti_flag
[2026-04-09 01:48:29,277] [phase1.feature_engineering] [INFO] Creating feature: open_credit_ratio
[2026-04-09 01:48:29,277] [phase1.feature_engineering] [INFO] Creating feature: cc_carrying_balance_ratio
[2026-04-09 01:48:29,277] [phase1.feature_engineering] [INFO] Creating feature: installment_burden_ratio
[2026-04-09 01:48:29,278] [phase1.feature_engineering] [INFO] Creating feature: delinquency_score
[2026-04-09 01:48:29,278] [phase1.feature_engineering] [INFO] Creating feature: bankruptcy_or_tax_issue
[2026-04-09 01:48:29,278] [phase1.feature_engineering] [INFO] Creating feature: recent_inquiry_risk
[2026-04-09 01:48:29,279] [phase1.feature_engineering] [INFO] Feature engineering completed. Final shape: (10000, 66)
[2026-04-09 01:51:14,155] [phase1.feature_engineering] [INFO] Adding domain-specific features
[2026-04-09 01:51:14,158] [phase1.feature_engineering] [INFO] Creating feature: emi_to_income_ratio
[2026-04-09 01:51:14,158] [phase1.feature_engineering] [INFO] Creating feature: total_credit_utilization_ratio
[2026-04-09 01:51:14,159] [phase1.feature_engineering] [INFO] Creating feature: avg_debit_limit_per_active_account
[2026-04-09 01:51:14,159] [phase1.feature_engineering] [INFO] Creating feature: credit_history_length_years
[2026-04-09 01:51:14,165] [phase1.feature_engineering] [INFO] Creating feature: high_dti_flag
[2026-04-09 01:51:14,165] [phase1.feature_engineering] [INFO] Creating feature: open_credit_ratio
[2026-04-09 01:51:14,165] [phase1.feature_engineering] [INFO] Creating feature: cc_carrying_balance_ratio
[2026-04-09 01:51:14,166] [phase1.feature_engineering] [INFO] Creating feature: installment_burden_ratio
[2026-04-09 01:51:14,166] [phase1.feature_engineering] [INFO] Creating feature: delinquency_score
[2026-04-09 01:51:14,166] [phase1.feature_engineering] [INFO] Creating feature: bankruptcy_or_tax_issue
[2026-04-09 01:51:14,167] [phase1.feature_engineering] [INFO] Creating feature: recent_inquiry_risk
[2026-04-09 01:51:14,167] [phase1.feature_engineering] [INFO] Feature engineering completed. Final shape: (10000, 66)
[2026-04-09 01:53:37,351] [phase1.feature_engineering] [INFO] Adding domain-specific features
[2026-04-09 01:53:37,354] [phase1.feature_engineering] [INFO] Creating feature: emi_to_income_ratio
[2026-04-09 01:53:37,355] [phase1.feature_engineering] [INFO] Creating feature: total_credit_utilization_ratio
[2026-04-09 01:53:37,355] [phase1.feature_engineering] [INFO] Creating feature: avg_debit_limit_per_active_account
[2026-04-09 01:53:37,356] [phase1.feature_engineering] [INFO] Creating feature: credit_history_length_years
[2026-04-09 01:53:37,362] [phase1.feature_engineering] [INFO] Creating feature: high_dti_flag
[2026-04-09 01:53:37,363] [phase1.feature_engineering] [INFO] Creating feature: open_credit_ratio
[2026-04-09 01:53:37,363] [phase1.feature_engineering] [INFO] Creating feature: cc_carrying_balance_ratio
[2026-04-09 01:53:37,363] [phase1.feature_engineering] [INFO] Creating feature: installment_burden_ratio
[2026-04-09 01:53:37,364] [phase1.feature_engineering] [INFO] Creating feature: delinquency_score
[2026-04-09 01:53:37,364] [phase1.feature_engineering] [INFO] Creating feature: bankruptcy_or_tax_issue
[2026-04-09 01:53:37,365] [phase1.feature_engineering] [INFO] Creating feature: recent_inquiry_risk
[2026-04-09 01:53:37,365] [phase1.feature_engineering] [INFO] Feature engineering completed. Final shape: (10000, 66)
[2026-04-09 10:36:02,558] [phase1.feature_engineering] [INFO] Adding domain-specific features
[2026-04-09 10:36:02,567] [phase1.feature_engineering] [INFO] Creating feature: emi_to_income_ratio
[2026-04-09 10:36:02,569] [phase1.feature_engineering] [INFO] Creating feature: total_credit_utilization_ratio
[2026-04-09 10:36:02,569] [phase1.feature_engineering] [INFO] Creating feature: avg_debit_limit_per_active_account
[2026-04-09 10:36:02,570] [phase1.feature_engineering] [INFO] Creating feature: credit_history_length_years
[2026-04-09 10:36:02,576] [phase1.feature_engineering] [INFO] Creating feature: high_dti_flag
[2026-04-09 10:36:02,576] [phase1.feature_engineering] [INFO] Creating feature: open_credit_ratio
[2026-04-09 10:36:02,576] [phase1.feature_engineering] [INFO] Creating feature: cc_carrying_balance_ratio
[2026-04-09 10:36:02,577] [phase1.feature_engineering] [INFO] Creating feature: installment_burden_ratio
[2026-04-09 10:36:02,577] [phase1.feature_engineering] [INFO] Creating feature: delinquency_score
[2026-04-09 10:36:02,577] [phase1.feature_engineering] [INFO] Creating feature: bankruptcy_or_tax_issue
[2026-04-09 10:36:02,578] [phase1.feature_engineering] [INFO] Creating feature: recent_inquiry_risk
[2026-04-09 10:36:02,578] [phase1.feature_engineering] [INFO] Feature engineering completed. Final shape: (10000, 66)
[2026-04-09 10:36:58,020] [phase1.feature_engineering] [INFO] Adding domain-specific features
[2026-04-09 10:36:58,023] [phase1.feature_engineering] [INFO] Creating feature: emi_to_income_ratio
[2026-04-09 10:36:58,023] [phase1.feature_engineering] [INFO] Creating feature: total_credit_utilization_ratio
[2026-04-09 10:36:58,024] [phase1.feature_engineering] [INFO] Creating feature: avg_debit_limit_per_active_account
[2026-04-09 10:36:58,024] [phase1.feature_engineering] [INFO] Creating feature: credit_history_length_years
[2026-04-09 10:36:58,030] [phase1.feature_engineering] [INFO] Creating feature: high_dti_flag
[2026-04-09 10:36:58,031] [phase1.feature_engineering] [INFO] Creating feature: open_credit_ratio
[2026-04-09 10:36:58,031] [phase1.feature_engineering] [INFO] Creating feature: cc_carrying_balance_ratio
[2026-04-09 10:36:58,031] [phase1.feature_engineering] [INFO] Creating feature: installment_burden_ratio
[2026-04-09 10:36:58,032] [phase1.feature_engineering] [INFO] Creating feature: delinquency_score
[2026-04-09 10:36:58,032] [phase1.feature_engineering] [INFO] Creating feature: bankruptcy_or_tax_issue
[2026-04-09 10:36:58,033] [phase1.feature_engineering] [INFO] Creating feature: recent_inquiry_risk
[2026-04-09 10:36:58,033] [phase1.feature_engineering] [INFO] Feature engineering completed. Final shape: (10000, 66)
[2026-04-09 11:05:21,941] [phase1.feature_engineering] [INFO] Adding domain-specific features
[2026-04-09 11:05:21,949] [phase1.feature_engineering] [INFO] Creating feature: emi_to_income_ratio
[2026-04-09 11:05:21,951] [phase1.feature_engineering] [INFO] Creating feature: total_credit_utilization_ratio
[2026-04-09 11:05:21,952] [phase1.feature_engineering] [INFO] Creating feature: avg_debit_limit_per_active_account
[2026-04-09 11:05:21,952] [phase1.feature_engineering] [INFO] Creating feature: credit_history_length_years
[2026-04-09 11:05:21,958] [phase1.feature_engineering] [INFO] Creating feature: high_dti_flag
[2026-04-09 11:05:21,958] [phase1.feature_engineering] [INFO] Creating feature: open_credit_ratio
[2026-04-09 11:05:21,959] [phase1.feature_engineering] [INFO] Creating feature: cc_carrying_balance_ratio
[2026-04-09 11:05:21,959] [phase1.feature_engineering] [INFO] Creating feature: installment_burden_ratio
[2026-04-09 11:05:21,960] [phase1.feature_engineering] [INFO] Creating feature: delinquency_score
[2026-04-09 11:05:21,960] [phase1.feature_engineering] [INFO] Creating feature: bankruptcy_or_tax_issue
[2026-04-09 11:05:21,961] [phase1.feature_engineering] [INFO] Creating feature: recent_inquiry_risk
[2026-04-09 11:05:21,961] [phase1.feature_engineering] [INFO] Feature engineering completed. Final shape: (10000, 66)
[2026-04-09 11:40:12,812] [phase1.feature_engineering] [INFO] Adding domain-specific features
[2026-04-09 11:40:12,821] [phase1.feature_engineering] [INFO] Creating feature: emi_to_income_ratio
[2026-04-09 11:40:12,823] [phase1.feature_engineering] [INFO] Creating feature: total_credit_utilization_ratio
[2026-04-09 11:40:12,823] [phase1.feature_engineering] [INFO] Creating feature: avg_debit_limit_per_active_account
[2026-04-09 11:40:12,824] [phase1.feature_engineering] [INFO] Creating feature: credit_history_length_years
[2026-04-09 11:40:12,830] [phase1.feature_engineering] [INFO] Creating feature: high_dti_flag
[2026-04-09 11:40:12,830] [phase1.feature_engineering] [INFO] Creating feature: open_credit_ratio
[2026-04-09 11:40:12,831] [phase1.feature_engineering] [INFO] Creating feature: cc_carrying_balance_ratio
[2026-04-09 11:40:12,831] [phase1.feature_engineering] [INFO] Creating feature: installment_burden_ratio
[2026-04-09 11:40:12,831] [phase1.feature_engineering] [INFO] Creating feature: delinquency_score
[2026-04-09 11:40:12,832] [phase1.feature_engineering] [INFO] Creating feature: bankruptcy_or_tax_issue
[2026-04-09 11:40:12,832] [phase1.feature_engineering] [INFO] Creating feature: recent_inquiry_risk
[2026-04-09 11:40:12,832] [phase1.feature_engineering] [INFO] Feature engineering completed. Final shape: (10000, 66)
[2026-04-09 11:44:49,112] [phase1.feature_engineering] [INFO] Adding domain-specific features
[2026-04-09 11:44:49,116] [phase1.feature_engineering] [INFO] Creating feature: emi_to_income_ratio
[2026-04-09 11:44:49,117] [phase1.feature_engineering] [INFO] Creating feature: total_credit_utilization_ratio
[2026-04-09 11:44:49,117] [phase1.feature_engineering] [INFO] Creating feature: avg_debit_limit_per_active_account
[2026-04-09 11:44:49,118] [phase1.feature_engineering] [INFO] Creating feature: credit_history_length_years
[2026-04-09 11:44:49,124] [phase1.feature_engineering] [INFO] Creating feature: high_dti_flag
[2026-04-09 11:44:49,124] [phase1.feature_engineering] [INFO] Creating feature: open_credit_ratio
[2026-04-09 11:44:49,124] [phase1.feature_engineering] [INFO] Creating feature: cc_carrying_balance_ratio
[2026-04-09 11:44:49,125] [phase1.feature_engineering] [INFO] Creating feature: installment_burden_ratio
[2026-04-09 11:44:49,125] [phase1.feature_engineering] [INFO] Creating feature: delinquency_score
[2026-04-09 11:44:49,125] [phase1.feature_engineering] [INFO] Creating feature: bankruptcy_or_tax_issue
[2026-04-09 11:44:49,126] [phase1.feature_engineering] [INFO] Creating feature: recent_inquiry_risk
[2026-04-09 11:44:49,126] [phase1.feature_engineering] [INFO] Feature engineering completed. Final shape: (10000, 66)
[2026-04-09 12:19:27,201] [phase1.feature_engineering] [INFO] Adding domain-specific features
[2026-04-09 12:19:27,210] [phase1.feature_engineering] [INFO] Creating feature: emi_to_income_ratio
[2026-04-09 12:19:27,213] [phase1.feature_engineering] [INFO] Creating feature: total_credit_utilization_ratio
[2026-04-09 12:19:27,213] [phase1.feature_engineering] [INFO] Creating feature: avg_debit_limit_per_active_account
[2026-04-09 12:19:27,213] [phase1.feature_engineering] [INFO] Creating feature: credit_history_length_years
[2026-04-09 12:19:27,220] [phase1.feature_engineering] [INFO] Creating feature: high_dti_flag
[2026-04-09 12:19:27,220] [phase1.feature_engineering] [INFO] Creating feature: open_credit_ratio
[2026-04-09 12:19:27,221] [phase1.feature_engineering] [INFO] Creating feature: cc_carrying_balance_ratio
[2026-04-09 12:19:27,221] [phase1.feature_engineering] [INFO] Creating feature: installment_burden_ratio
[2026-04-09 12:19:27,221] [phase1.feature_engineering] [INFO] Creating feature: delinquency_score
[2026-04-09 12:19:27,222] [phase1.feature_engineering] [INFO] Creating feature: bankruptcy_or_tax_issue
[2026-04-09 12:19:27,222] [phase1.feature_engineering] [INFO] Creating feature: recent_inquiry_risk
[2026-04-09 12:19:27,223] [phase1.feature_engineering] [INFO] Feature engineering completed. Final shape: (10000, 66)
[2026-04-09 13:06:49,954] [phase1.feature_engineering] [INFO] Adding domain-specific features
[2026-04-09 13:06:49,957] [phase1.feature_engineering] [INFO] Creating feature: emi_to_income_ratio
[2026-04-09 13:06:49,958] [phase1.feature_engineering] [INFO] Creating feature: total_credit_utilization_ratio
[2026-04-09 13:06:49,958] [phase1.feature_engineering] [INFO] Creating feature: avg_debit_limit_per_active_account
[2026-04-09 13:06:49,959] [phase1.feature_engineering] [INFO] Creating feature: credit_history_length_years
[2026-04-09 13:06:49,965] [phase1.feature_engineering] [INFO] Creating feature: high_dti_flag
[2026-04-09 13:06:49,965] [phase1.feature_engineering] [INFO] Creating feature: open_credit_ratio
[2026-04-09 13:06:49,965] [phase1.feature_engineering] [INFO] Creating feature: cc_carrying_balance_ratio
[2026-04-09 13:06:49,966] [phase1.feature_engineering] [INFO] Creating feature: installment_burden_ratio
[2026-04-09 13:06:49,966] [phase1.feature_engineering] [INFO] Creating feature: delinquency_score
[2026-04-09 13:06:49,966] [phase1.feature_engineering] [INFO] Creating feature: bankruptcy_or_tax_issue
[2026-04-09 13:06:49,967] [phase1.feature_engineering] [INFO] Creating feature: recent_inquiry_risk
[2026-04-09 13:06:49,967] [phase1.feature_engineering] [INFO] Feature engineering completed. Final shape: (10000, 66)
[2026-04-09 13:11:42,811] [phase1.feature_engineering] [INFO] Adding domain-specific features
[2026-04-09 13:11:42,814] [phase1.feature_engineering] [INFO] Creating feature: emi_to_income_ratio
[2026-04-09 13:11:42,815] [phase1.feature_engineering] [INFO] Creating feature: total_credit_utilization_ratio
[2026-04-09 13:11:42,816] [phase1.feature_engineering] [INFO] Creating feature: avg_debit_limit_per_active_account
[2026-04-09 13:11:42,816] [phase1.feature_engineering] [INFO] Creating feature: credit_history_length_years
[2026-04-09 13:11:42,822] [phase1.feature_engineering] [INFO] Creating feature: high_dti_flag
[2026-04-09 13:11:42,823] [phase1.feature_engineering] [INFO] Creating feature: open_credit_ratio
[2026-04-09 13:11:42,823] [phase1.feature_engineering] [INFO] Creating feature: cc_carrying_balance_ratio
[2026-04-09 13:11:42,823] [phase1.feature_engineering] [INFO] Creating feature: installment_burden_ratio
[2026-04-09 13:11:42,823] [phase1.feature_engineering] [INFO] Creating feature: delinquency_score
[2026-04-09 13:11:42,824] [phase1.feature_engineering] [INFO] Creating feature: bankruptcy_or_tax_issue
[2026-04-09 13:11:42,824] [phase1.feature_engineering] [INFO] Creating feature: recent_inquiry_risk
[2026-04-09 13:11:42,824] [phase1.feature_engineering] [INFO] Feature engineering completed. Final shape: (10000, 66)
[2026-04-09 16:32:29,848] [phase1.feature_engineering] [INFO] Adding domain-specific features
[2026-04-09 16:32:29,856] [phase1.feature_engineering] [INFO] Creating feature: emi_to_income_ratio
[2026-04-09 16:32:29,858] [phase1.feature_engineering] [INFO] Creating feature: total_credit_utilization_ratio
[2026-04-09 16:32:29,859] [phase1.feature_engineering] [INFO] Creating feature: avg_debit_limit_per_active_account
[2026-04-09 16:32:29,859] [phase1.feature_engineering] [INFO] Creating feature: credit_history_length_years
[2026-04-09 16:32:29,865] [phase1.feature_engineering] [INFO] Creating feature: high_dti_flag
[2026-04-09 16:32:29,865] [phase1.feature_engineering] [INFO] Creating feature: open_credit_ratio
[2026-04-09 16:32:29,866] [phase1.feature_engineering] [INFO] Creating feature: cc_carrying_balance_ratio
[2026-04-09 16:32:29,866] [phase1.feature_engineering] [INFO] Creating feature: installment_burden_ratio
[2026-04-09 16:32:29,866] [phase1.feature_engineering] [INFO] Creating feature: delinquency_score
[2026-04-09 16:32:29,867] [phase1.feature_engineering] [INFO] Creating feature: bankruptcy_or_tax_issue
[2026-04-09 16:32:29,867] [phase1.feature_engineering] [INFO] Creating feature: recent_inquiry_risk
[2026-04-09 16:32:29,867] [phase1.feature_engineering] [INFO] Feature engineering completed. Final shape: (10000, 66)
[2026-04-09 17:10:47,467] [phase1.feature_engineering] [INFO] Adding domain-specific features
[2026-04-09 17:10:47,474] [phase1.feature_engineering] [INFO] Creating feature: emi_to_income_ratio
[2026-04-09 17:10:47,475] [phase1.feature_engineering] [INFO] Creating feature: total_credit_utilization_ratio
[2026-04-09 17:10:47,476] [phase1.feature_engineering] [INFO] Creating feature: avg_debit_limit_per_active_account
[2026-04-09 17:10:47,476] [phase1.feature_engineering] [INFO] Creating feature: credit_history_length_years
[2026-04-09 17:10:47,480] [phase1.feature_engineering] [INFO] Creating feature: high_dti_flag
[2026-04-09 17:10:47,480] [phase1.feature_engineering] [INFO] Creating feature: open_credit_ratio
[2026-04-09 17:10:47,481] [phase1.feature_engineering] [INFO] Creating feature: cc_carrying_balance_ratio
[2026-04-09 17:10:47,481] [phase1.feature_engineering] [INFO] Creating feature: installment_burden_ratio
[2026-04-09 17:10:47,481] [phase1.feature_engineering] [INFO] Creating feature: delinquency_score
[2026-04-09 17:10:47,482] [phase1.feature_engineering] [INFO] Creating feature: bankruptcy_or_tax_issue
[2026-04-09 17:10:47,482] [phase1.feature_engineering] [INFO] Creating feature: recent_inquiry_risk
[2026-04-09 17:10:47,482] [phase1.feature_engineering] [INFO] Feature engineering completed. Final shape: (5000, 66)
[2026-04-09 17:41:03,147] [phase1.feature_engineering] [INFO] Adding domain-specific features
[2026-04-09 17:41:03,151] [phase1.feature_engineering] [INFO] Creating feature: emi_to_income_ratio
[2026-04-09 17:41:03,154] [phase1.feature_engineering] [INFO] Creating feature: total_credit_utilization_ratio
[2026-04-09 17:41:03,154] [phase1.feature_engineering] [INFO] Creating feature: avg_debit_limit_per_active_account
[2026-04-09 17:41:03,155] [phase1.feature_engineering] [INFO] Creating feature: credit_history_length_years
[2026-04-09 17:41:03,158] [phase1.feature_engineering] [INFO] Creating feature: high_dti_flag
[2026-04-09 17:41:03,159] [phase1.feature_engineering] [INFO] Creating feature: open_credit_ratio
[2026-04-09 17:41:03,159] [phase1.feature_engineering] [INFO] Creating feature: cc_carrying_balance_ratio
[2026-04-09 17:41:03,160] [phase1.feature_engineering] [INFO] Creating feature: installment_burden_ratio
[2026-04-09 17:41:03,160] [phase1.feature_engineering] [INFO] Creating feature: delinquency_score
[2026-04-09 17:41:03,160] [phase1.feature_engineering] [INFO] Creating feature: bankruptcy_or_tax_issue
[2026-04-09 17:41:03,161] [phase1.feature_engineering] [INFO] Creating feature: recent_inquiry_risk
[2026-04-09 17:41:03,161] [phase1.feature_engineering] [INFO] Feature engineering completed. Final shape: (5000, 66)
[2026-04-09 17:43:13,212] [phase1.feature_engineering] [INFO] Adding domain-specific features
[2026-04-09 17:43:13,216] [phase1.feature_engineering] [INFO] Creating feature: emi_to_income_ratio
[2026-04-09 17:43:13,217] [phase1.feature_engineering] [INFO] Creating feature: total_credit_utilization_ratio
[2026-04-09 17:43:13,217] [phase1.feature_engineering] [INFO] Creating feature: avg_debit_limit_per_active_account
[2026-04-09 17:43:13,217] [phase1.feature_engineering] [INFO] Creating feature: credit_history_length_years
[2026-04-09 17:43:13,222] [phase1.feature_engineering] [INFO] Creating feature: high_dti_flag
[2026-04-09 17:43:13,222] [phase1.feature_engineering] [INFO] Creating feature: open_credit_ratio
[2026-04-09 17:43:13,223] [phase1.feature_engineering] [INFO] Creating feature: cc_carrying_balance_ratio
[2026-04-09 17:43:13,223] [phase1.feature_engineering] [INFO] Creating feature: installment_burden_ratio
[2026-04-09 17:43:13,224] [phase1.feature_engineering] [INFO] Creating feature: delinquency_score
[2026-04-09 17:43:13,224] [phase1.feature_engineering] [INFO] Creating feature: bankruptcy_or_tax_issue
[2026-04-09 17:43:13,224] [phase1.feature_engineering] [INFO] Creating feature: recent_inquiry_risk
[2026-04-09 17:43:13,225] [phase1.feature_engineering] [INFO] Feature engineering completed. Final shape: (5000, 66)
[2026-04-09 17:49:32,273] [phase1.feature_engineering] [INFO] Adding domain-specific features
[2026-04-09 17:49:32,277] [phase1.feature_engineering] [INFO] Creating feature: emi_to_income_ratio
[2026-04-09 17:49:32,278] [phase1.feature_engineering] [INFO] Creating feature: total_credit_utilization_ratio
[2026-04-09 17:49:32,279] [phase1.feature_engineering] [INFO] Creating feature: avg_debit_limit_per_active_account
[2026-04-09 17:49:32,279] [phase1.feature_engineering] [INFO] Creating feature: credit_history_length_years
[2026-04-09 17:49:32,284] [phase1.feature_engineering] [INFO] Creating feature: high_dti_flag
[2026-04-09 17:49:32,284] [phase1.feature_engineering] [INFO] Creating feature: open_credit_ratio
[2026-04-09 17:49:32,285] [phase1.feature_engineering] [INFO] Creating feature: cc_carrying_balance_ratio
[2026-04-09 17:49:32,286] [phase1.feature_engineering] [INFO] Creating feature: installment_burden_ratio
[2026-04-09 17:49:32,286] [phase1.feature_engineering] [INFO] Creating feature: delinquency_score
[2026-04-09 17:49:32,286] [phase1.feature_engineering] [INFO] Creating feature: bankruptcy_or_tax_issue
[2026-04-09 17:49:32,287] [phase1.feature_engineering] [INFO] Creating feature: recent_inquiry_risk
[2026-04-09 17:49:32,287] [phase1.feature_engineering] [INFO] Feature engineering completed. Final shape: (5000, 66)
[2026-04-09 17:50:10,631] [phase1.feature_engineering] [INFO] Adding domain-specific features
[2026-04-09 17:50:10,634] [phase1.feature_engineering] [INFO] Creating feature: emi_to_income_ratio
[2026-04-09 17:50:10,635] [phase1.feature_engineering] [INFO] Creating feature: total_credit_utilization_ratio
[2026-04-09 17:50:10,635] [phase1.feature_engineering] [INFO] Creating feature: avg_debit_limit_per_active_account
[2026-04-09 17:50:10,635] [phase1.feature_engineering] [INFO] Creating feature: credit_history_length_years
[2026-04-09 17:50:10,640] [phase1.feature_engineering] [INFO] Creating feature: high_dti_flag
[2026-04-09 17:50:10,640] [phase1.feature_engineering] [INFO] Creating feature: open_credit_ratio
[2026-04-09 17:50:10,641] [phase1.feature_engineering] [INFO] Creating feature: cc_carrying_balance_ratio
[2026-04-09 17:50:10,641] [phase1.feature_engineering] [INFO] Creating feature: installment_burden_ratio
[2026-04-09 17:50:10,641] [phase1.feature_engineering] [INFO] Creating feature: delinquency_score
[2026-04-09 17:50:10,642] [phase1.feature_engineering] [INFO] Creating feature: bankruptcy_or_tax_issue
[2026-04-09 17:50:10,642] [phase1.feature_engineering] [INFO] Creating feature: recent_inquiry_risk
[2026-04-09 17:50:10,643] [phase1.feature_engineering] [INFO] Feature engineering completed. Final shape: (5000, 66)
[2026-04-09 18:16:27,475] [phase1.feature_engineering] [INFO] Adding domain-specific features
[2026-04-09 18:16:27,479] [phase1.feature_engineering] [INFO] Creating feature: emi_to_income_ratio
[2026-04-09 18:16:27,480] [phase1.feature_engineering] [INFO] Creating feature: total_credit_utilization_ratio
[2026-04-09 18:16:27,481] [phase1.feature_engineering] [INFO] Creating feature: avg_debit_limit_per_active_account
[2026-04-09 18:16:27,481] [phase1.feature_engineering] [INFO] Creating feature: credit_history_length_years
[2026-04-09 18:16:27,485] [phase1.feature_engineering] [INFO] Creating feature: high_dti_flag
[2026-04-09 18:16:27,486] [phase1.feature_engineering] [INFO] Creating feature: open_credit_ratio
[2026-04-09 18:16:27,487] [phase1.feature_engineering] [INFO] Creating feature: cc_carrying_balance_ratio
[2026-04-09 18:16:27,488] [phase1.feature_engineering] [INFO] Creating feature: installment_burden_ratio
[2026-04-09 18:16:27,488] [phase1.feature_engineering] [INFO] Creating feature: delinquency_score
[2026-04-09 18:16:27,489] [phase1.feature_engineering] [INFO] Creating feature: bankruptcy_or_tax_issue
[2026-04-09 18:16:27,489] [phase1.feature_engineering] [INFO] Creating feature: recent_inquiry_risk
[2026-04-09 18:16:27,490] [phase1.feature_engineering] [INFO] Feature engineering completed. Final shape: (5000, 66)
[2026-04-09 18:25:24,757] [phase1.feature_engineering] [INFO] Adding domain-specific features
[2026-04-09 18:25:24,760] [phase1.feature_engineering] [INFO] Creating feature: emi_to_income_ratio
[2026-04-09 18:25:24,761] [phase1.feature_engineering] [INFO] Creating feature: total_credit_utilization_ratio
[2026-04-09 18:25:24,762] [phase1.feature_engineering] [INFO] Creating feature: avg_debit_limit_per_active_account
[2026-04-09 18:25:24,762] [phase1.feature_engineering] [INFO] Creating feature: credit_history_length_years
[2026-04-09 18:25:24,766] [phase1.feature_engineering] [INFO] Creating feature: high_dti_flag
[2026-04-09 18:25:24,767] [phase1.feature_engineering] [INFO] Creating feature: open_credit_ratio
[2026-04-09 18:25:24,768] [phase1.feature_engineering] [INFO] Creating feature: cc_carrying_balance_ratio
[2026-04-09 18:25:24,769] [phase1.feature_engineering] [INFO] Creating feature: installment_burden_ratio
[2026-04-09 18:25:24,769] [phase1.feature_engineering] [INFO] Creating feature: delinquency_score
[2026-04-09 18:25:24,770] [phase1.feature_engineering] [INFO] Creating feature: bankruptcy_or_tax_issue
[2026-04-09 18:25:24,770] [phase1.feature_engineering] [INFO] Creating feature: recent_inquiry_risk
[2026-04-09 18:25:24,771] [phase1.feature_engineering] [INFO] Feature engineering completed. Final shape: (5000, 66)
[2026-04-09 18:27:46,890] [phase1.feature_engineering] [INFO] Adding domain-specific features
[2026-04-09 18:27:46,896] [phase1.feature_engineering] [INFO] Creating feature: emi_to_income_ratio
[2026-04-09 18:27:46,897] [phase1.feature_engineering] [INFO] Creating feature: total_credit_utilization_ratio
[2026-04-09 18:27:46,898] [phase1.feature_engineering] [INFO] Creating feature: avg_debit_limit_per_active_account
[2026-04-09 18:27:46,898] [phase1.feature_engineering] [INFO] Creating feature: credit_history_length_years
[2026-04-09 18:27:46,902] [phase1.feature_engineering] [INFO] Creating feature: high_dti_flag
[2026-04-09 18:27:46,902] [phase1.feature_engineering] [INFO] Creating feature: open_credit_ratio
[2026-04-09 18:27:46,903] [phase1.feature_engineering] [INFO] Creating feature: cc_carrying_balance_ratio
[2026-04-09 18:27:46,904] [phase1.feature_engineering] [INFO] Creating feature: installment_burden_ratio
[2026-04-09 18:27:46,904] [phase1.feature_engineering] [INFO] Creating feature: delinquency_score
[2026-04-09 18:27:46,904] [phase1.feature_engineering] [INFO] Creating feature: bankruptcy_or_tax_issue
[2026-04-09 18:27:46,905] [phase1.feature_engineering] [INFO] Creating feature: recent_inquiry_risk
[2026-04-09 18:27:46,905] [phase1.feature_engineering] [INFO] Feature engineering completed. Final shape: (5000, 66)
[2026-04-09 18:28:03,612] [phase1.feature_engineering] [INFO] Adding domain-specific features
[2026-04-09 18:28:03,622] [phase1.feature_engineering] [INFO] Creating feature: emi_to_income_ratio
[2026-04-09 18:28:03,625] [phase1.feature_engineering] [INFO] Creating feature: total_credit_utilization_ratio
[2026-04-09 18:28:03,627] [phase1.feature_engineering] [INFO] Creating feature: avg_debit_limit_per_active_account
[2026-04-09 18:28:03,628] [phase1.feature_engineering] [INFO] Creating feature: credit_history_length_years
[2026-04-09 18:28:03,640] [phase1.feature_engineering] [INFO] Creating feature: high_dti_flag
[2026-04-09 18:28:03,641] [phase1.feature_engineering] [INFO] Creating feature: open_credit_ratio
[2026-04-09 18:28:03,641] [phase1.feature_engineering] [INFO] Creating feature: cc_carrying_balance_ratio
[2026-04-09 18:28:03,641] [phase1.feature_engineering] [INFO] Creating feature: installment_burden_ratio
[2026-04-09 18:28:03,642] [phase1.feature_engineering] [INFO] Creating feature: delinquency_score
[2026-04-09 18:28:03,642] [phase1.feature_engineering] [INFO] Creating feature: bankruptcy_or_tax_issue
[2026-04-09 18:28:03,642] [phase1.feature_engineering] [INFO] Creating feature: recent_inquiry_risk
[2026-04-09 18:28:03,643] [phase1.feature_engineering] [INFO] Feature engineering completed. Final shape: (10000, 66)
[2026-04-09 18:30:18,309] [phase1.feature_engineering] [INFO] Adding domain-specific features
[2026-04-09 18:30:18,313] [phase1.feature_engineering] [INFO] Creating feature: emi_to_income_ratio
[2026-04-09 18:30:18,314] [phase1.feature_engineering] [INFO] Creating feature: total_credit_utilization_ratio
[2026-04-09 18:30:18,314] [phase1.feature_engineering] [INFO] Creating feature: avg_debit_limit_per_active_account
[2026-04-09 18:30:18,315] [phase1.feature_engineering] [INFO] Creating feature: credit_history_length_years
[2026-04-09 18:30:18,321] [phase1.feature_engineering] [INFO] Creating feature: high_dti_flag
[2026-04-09 18:30:18,325] [phase1.feature_engineering] [INFO] Creating feature: open_credit_ratio
[2026-04-09 18:30:18,326] [phase1.feature_engineering] [INFO] Creating feature: cc_carrying_balance_ratio
[2026-04-09 18:30:18,328] [phase1.feature_engineering] [INFO] Creating feature: installment_burden_ratio
[2026-04-09 18:30:18,332] [phase1.feature_engineering] [INFO] Creating feature: delinquency_score
[2026-04-09 18:30:18,333] [phase1.feature_engineering] [INFO] Creating feature: bankruptcy_or_tax_issue
[2026-04-09 18:30:18,335] [phase1.feature_engineering] [INFO] Creating feature: recent_inquiry_risk
[2026-04-09 18:30:18,336] [phase1.feature_engineering] [INFO] Feature engineering completed. Final shape: (5000, 66)
[2026-04-09 18:44:28,841] [phase1.feature_engineering] [INFO] Adding domain-specific features
[2026-04-09 18:44:28,845] [phase1.feature_engineering] [INFO] Creating feature: emi_to_income_ratio
[2026-04-09 18:44:28,845] [phase1.feature_engineering] [INFO] Creating feature: total_credit_utilization_ratio
[2026-04-09 18:44:28,846] [phase1.feature_engineering] [INFO] Creating feature: avg_debit_limit_per_active_account
[2026-04-09 18:44:28,846] [phase1.feature_engineering] [INFO] Creating feature: credit_history_length_years
[2026-04-09 18:44:28,851] [phase1.feature_engineering] [INFO] Creating feature: high_dti_flag
[2026-04-09 18:44:28,851] [phase1.feature_engineering] [INFO] Creating feature: open_credit_ratio
[2026-04-09 18:44:28,852] [phase1.feature_engineering] [INFO] Creating feature: cc_carrying_balance_ratio
[2026-04-09 18:44:28,853] [phase1.feature_engineering] [INFO] Creating feature: installment_burden_ratio
[2026-04-09 18:44:28,853] [phase1.feature_engineering] [INFO] Creating feature: delinquency_score
[2026-04-09 18:44:28,854] [phase1.feature_engineering] [INFO] Creating feature: bankruptcy_or_tax_issue
[2026-04-09 18:44:28,854] [phase1.feature_engineering] [INFO] Creating feature: recent_inquiry_risk
[2026-04-09 18:44:28,855] [phase1.feature_engineering] [INFO] Feature engineering completed. Final shape: (5000, 66)
[2026-04-09 18:45:20,061] [phase1.feature_engineering] [INFO] Adding domain-specific features
[2026-04-09 18:45:20,065] [phase1.feature_engineering] [INFO] Creating feature: emi_to_income_ratio
[2026-04-09 18:45:20,066] [phase1.feature_engineering] [INFO] Creating feature: total_credit_utilization_ratio
[2026-04-09 18:45:20,066] [phase1.feature_engineering] [INFO] Creating feature: avg_debit_limit_per_active_account
[2026-04-09 18:45:20,067] [phase1.feature_engineering] [INFO] Creating feature: credit_history_length_years
[2026-04-09 18:45:20,071] [phase1.feature_engineering] [INFO] Creating feature: high_dti_flag
[2026-04-09 18:45:20,072] [phase1.feature_engineering] [INFO] Creating feature: open_credit_ratio
[2026-04-09 18:45:20,072] [phase1.feature_engineering] [INFO] Creating feature: cc_carrying_balance_ratio
[2026-04-09 18:45:20,073] [phase1.feature_engineering] [INFO] Creating feature: installment_burden_ratio
[2026-04-09 18:45:20,074] [phase1.feature_engineering] [INFO] Creating feature: delinquency_score
[2026-04-09 18:45:20,074] [phase1.feature_engineering] [INFO] Creating feature: bankruptcy_or_tax_issue
[2026-04-09 18:45:20,075] [phase1.feature_engineering] [INFO] Creating feature: recent_inquiry_risk
[2026-04-09 18:45:20,075] [phase1.feature_engineering] [INFO] Feature engineering completed. Final shape: (5000, 66)
[2026-04-09 18:45:24,313] [phase1.feature_engineering] [INFO] Adding domain-specific features
[2026-04-09 18:45:24,316] [phase1.feature_engineering] [INFO] Creating feature: emi_to_income_ratio
[2026-04-09 18:45:24,317] [phase1.feature_engineering] [INFO] Creating feature: total_credit_utilization_ratio
[2026-04-09 18:45:24,317] [phase1.feature_engineering] [INFO] Creating feature: avg_debit_limit_per_active_account
[2026-04-09 18:45:24,318] [phase1.feature_engineering] [INFO] Creating feature: credit_history_length_years
[2026-04-09 18:45:24,322] [phase1.feature_engineering] [INFO] Creating feature: high_dti_flag
[2026-04-09 18:45:24,322] [phase1.feature_engineering] [INFO] Creating feature: open_credit_ratio
[2026-04-09 18:45:24,323] [phase1.feature_engineering] [INFO] Creating feature: cc_carrying_balance_ratio
[2026-04-09 18:45:24,323] [phase1.feature_engineering] [INFO] Creating feature: installment_burden_ratio
[2026-04-09 18:45:24,324] [phase1.feature_engineering] [INFO] Creating feature: delinquency_score
[2026-04-09 18:45:24,324] [phase1.feature_engineering] [INFO] Creating feature: bankruptcy_or_tax_issue
[2026-04-09 18:45:24,325] [phase1.feature_engineering] [INFO] Creating feature: recent_inquiry_risk
[2026-04-09 18:45:24,325] [phase1.feature_engineering] [INFO] Feature engineering completed. Final shape: (5000, 66)
[2026-04-09 18:45:25,392] [phase1.feature_engineering] [INFO] Adding domain-specific features
[2026-04-09 18:45:25,395] [phase1.feature_engineering] [INFO] Creating feature: emi_to_income_ratio
[2026-04-09 18:45:25,395] [phase1.feature_engineering] [INFO] Creating feature: total_credit_utilization_ratio
[2026-04-09 18:45:25,395] [phase1.feature_engineering] [INFO] Creating feature: avg_debit_limit_per_active_account
[2026-04-09 18:45:25,395] [phase1.feature_engineering] [INFO] Creating feature: credit_history_length_years
[2026-04-09 18:45:25,398] [phase1.feature_engineering] [INFO] Creating feature: high_dti_flag
[2026-04-09 18:45:25,399] [phase1.feature_engineering] [INFO] Creating feature: open_credit_ratio
[2026-04-09 18:45:25,399] [phase1.feature_engineering] [INFO] Creating feature: cc_carrying_balance_ratio
[2026-04-09 18:45:25,399] [phase1.feature_engineering] [INFO] Creating feature: installment_burden_ratio
[2026-04-09 18:45:25,399] [phase1.feature_engineering] [INFO] Creating feature: delinquency_score
[2026-04-09 18:45:25,400] [phase1.feature_engineering] [INFO] Creating feature: bankruptcy_or_tax_issue
[2026-04-09 18:45:25,400] [phase1.feature_engineering] [INFO] Creating feature: recent_inquiry_risk
[2026-04-09 18:45:25,400] [phase1.feature_engineering] [INFO] Feature engineering completed. Final shape: (5000, 66)
[2026-04-09 18:45:32,991] [phase1.feature_engineering] [INFO] Adding domain-specific features
[2026-04-09 18:45:32,995] [phase1.feature_engineering] [INFO] Creating feature: emi_to_income_ratio
[2026-04-09 18:45:32,995] [phase1.feature_engineering] [INFO] Creating feature: total_credit_utilization_ratio
[2026-04-09 18:45:32,996] [phase1.feature_engineering] [INFO] Creating feature: avg_debit_limit_per_active_account
[2026-04-09 18:45:32,996] [phase1.feature_engineering] [INFO] Creating feature: credit_history_length_years
[2026-04-09 18:45:33,001] [phase1.feature_engineering] [INFO] Creating feature: high_dti_flag
[2026-04-09 18:45:33,001] [phase1.feature_engineering] [INFO] Creating feature: open_credit_ratio
[2026-04-09 18:45:33,002] [phase1.feature_engineering] [INFO] Creating feature: cc_carrying_balance_ratio
[2026-04-09 18:45:33,003] [phase1.feature_engineering] [INFO] Creating feature: installment_burden_ratio
[2026-04-09 18:45:33,003] [phase1.feature_engineering] [INFO] Creating feature: delinquency_score
[2026-04-09 18:45:33,004] [phase1.feature_engineering] [INFO] Creating feature: bankruptcy_or_tax_issue
[2026-04-09 18:45:33,004] [phase1.feature_engineering] [INFO] Creating feature: recent_inquiry_risk
[2026-04-09 18:45:33,005] [phase1.feature_engineering] [INFO] Feature engineering completed. Final shape: (5000, 66)
[2026-04-09 18:50:53,855] [phase1.feature_engineering] [INFO] Adding domain-specific features
[2026-04-09 18:50:53,859] [phase1.feature_engineering] [INFO] Creating feature: emi_to_income_ratio
[2026-04-09 18:50:53,860] [phase1.feature_engineering] [INFO] Creating feature: total_credit_utilization_ratio
[2026-04-09 18:50:53,860] [phase1.feature_engineering] [INFO] Creating feature: avg_debit_limit_per_active_account
[2026-04-09 18:50:53,861] [phase1.feature_engineering] [INFO] Creating feature: credit_history_length_years
[2026-04-09 18:50:53,865] [phase1.feature_engineering] [INFO] Creating feature: high_dti_flag
[2026-04-09 18:50:53,865] [phase1.feature_engineering] [INFO] Creating feature: open_credit_ratio
[2026-04-09 18:50:53,866] [phase1.feature_engineering] [INFO] Creating feature: cc_carrying_balance_ratio
[2026-04-09 18:50:53,867] [phase1.feature_engineering] [INFO] Creating feature: installment_burden_ratio
[2026-04-09 18:50:53,868] [phase1.feature_engineering] [INFO] Creating feature: delinquency_score
[2026-04-09 18:50:53,868] [phase1.feature_engineering] [INFO] Creating feature: bankruptcy_or_tax_issue
[2026-04-09 18:50:53,869] [phase1.feature_engineering] [INFO] Creating feature: recent_inquiry_risk
[2026-04-09 18:50:53,869] [phase1.feature_engineering] [INFO] Feature engineering completed. Final shape: (5000, 66)
[2026-04-09 18:51:40,498] [phase1.feature_engineering] [INFO] Adding domain-specific features
[2026-04-09 18:51:40,502] [phase1.feature_engineering] [INFO] Creating feature: emi_to_income_ratio
[2026-04-09 18:51:40,502] [phase1.feature_engineering] [INFO] Creating feature: total_credit_utilization_ratio
[2026-04-09 18:51:40,503] [phase1.feature_engineering] [INFO] Creating feature: avg_debit_limit_per_active_account
[2026-04-09 18:51:40,503] [phase1.feature_engineering] [INFO] Creating feature: credit_history_length_years
[2026-04-09 18:51:40,508] [phase1.feature_engineering] [INFO] Creating feature: high_dti_flag
[2026-04-09 18:51:40,508] [phase1.feature_engineering] [INFO] Creating feature: open_credit_ratio
[2026-04-09 18:51:40,508] [phase1.feature_engineering] [INFO] Creating feature: cc_carrying_balance_ratio
[2026-04-09 18:51:40,508] [phase1.feature_engineering] [INFO] Creating feature: installment_burden_ratio
[2026-04-09 18:51:40,509] [phase1.feature_engineering] [INFO] Creating feature: delinquency_score
[2026-04-09 18:51:40,510] [phase1.feature_engineering] [INFO] Creating feature: bankruptcy_or_tax_issue
[2026-04-09 18:51:40,510] [phase1.feature_engineering] [INFO] Creating feature: recent_inquiry_risk
[2026-04-09 18:51:40,511] [phase1.feature_engineering] [INFO] Feature engineering completed. Final shape: (5000, 66)
[2026-04-09 18:51:53,779] [phase1.feature_engineering] [INFO] Adding domain-specific features
[2026-04-09 18:51:53,782] [phase1.feature_engineering] [INFO] Creating feature: emi_to_income_ratio
[2026-04-09 18:51:53,783] [phase1.feature_engineering] [INFO] Creating feature: total_credit_utilization_ratio
[2026-04-09 18:51:53,783] [phase1.feature_engineering] [INFO] Creating feature: avg_debit_limit_per_active_account
[2026-04-09 18:51:53,784] [phase1.feature_engineering] [INFO] Creating feature: credit_history_length_years
[2026-04-09 18:51:53,788] [phase1.feature_engineering] [INFO] Creating feature: high_dti_flag
[2026-04-09 18:51:53,788] [phase1.feature_engineering] [INFO] Creating feature: open_credit_ratio
[2026-04-09 18:51:53,789] [phase1.feature_engineering] [INFO] Creating feature: cc_carrying_balance_ratio
[2026-04-09 18:51:53,789] [phase1.feature_engineering] [INFO] Creating feature: installment_burden_ratio
[2026-04-09 18:51:53,790] [phase1.feature_engineering] [INFO] Creating feature: delinquency_score
[2026-04-09 18:51:53,791] [phase1.feature_engineering] [INFO] Creating feature: bankruptcy_or_tax_issue
[2026-04-09 18:51:53,791] [phase1.feature_engineering] [INFO] Creating feature: recent_inquiry_risk
[2026-04-09 18:51:53,792] [phase1.feature_engineering] [INFO] Feature engineering completed. Final shape: (5000, 66)
[2026-04-09 18:52:20,423] [phase1.feature_engineering] [INFO] Adding domain-specific features
[2026-04-09 18:52:20,428] [phase1.feature_engineering] [INFO] Creating feature: emi_to_income_ratio
[2026-04-09 18:52:20,428] [phase1.feature_engineering] [INFO] Creating feature: total_credit_utilization_ratio
[2026-04-09 18:52:20,429] [phase1.feature_engineering] [INFO] Creating feature: avg_debit_limit_per_active_account
[2026-04-09 18:52:20,429] [phase1.feature_engineering] [INFO] Creating feature: credit_history_length_years
[2026-04-09 18:52:20,433] [phase1.feature_engineering] [INFO] Creating feature: high_dti_flag
[2026-04-09 18:52:20,434] [phase1.feature_engineering] [INFO] Creating feature: open_credit_ratio
[2026-04-09 18:52:20,434] [phase1.feature_engineering] [INFO] Creating feature: cc_carrying_balance_ratio
[2026-04-09 18:52:20,435] [phase1.feature_engineering] [INFO] Creating feature: installment_burden_ratio
[2026-04-09 18:52:20,435] [phase1.feature_engineering] [INFO] Creating feature: delinquency_score
[2026-04-09 18:52:20,436] [phase1.feature_engineering] [INFO] Creating feature: bankruptcy_or_tax_issue
[2026-04-09 18:52:20,436] [phase1.feature_engineering] [INFO] Creating feature: recent_inquiry_risk
[2026-04-09 18:52:20,436] [phase1.feature_engineering] [INFO] Feature engineering completed. Final shape: (5000, 66)
