[2026-04-08 22:46:27,626] [__main__] [INFO] ==== Starting Phase-1 Banking XAI Pipeline ====
[2026-04-08 22:46:33,027] [__main__] [INFO] Final validation metrics: {'accuracy': 0.9525, 'auc': 0.5605764878931885, 'recall': 0.1388888888888889, 'precision': 0.07246376811594203}
[2026-04-08 22:46:33,027] [__main__] [INFO] Confusion matrix stats: {'tn': 1900, 'fp': 64, 'fn': 31, 'tp': 5}
[2026-04-08 22:46:34,412] [__main__] [INFO] ==== Phase-1 Pipeline completed successfully ====
[2026-04-08 23:24:40,209] [__main__] [INFO] ==== Starting Phase-1 Banking XAI Pipeline ====
[2026-04-08 23:25:03,132] [__main__] [INFO] Final validation metrics: {'accuracy': 0.9395, 'auc': 0.5531511654220412, 'recall': 0.08333333333333333, 'precision': 0.03296703296703297}
[2026-04-08 23:25:03,132] [__main__] [INFO] Confusion matrix stats: {'tn': 1876, 'fp': 88, 'fn': 33, 'tp': 3}
[2026-04-08 23:25:05,267] [__main__] [INFO] ==== Phase-1 Pipeline completed successfully ====
[2026-04-08 23:43:04,061] [__main__] [INFO] ==== Starting Phase-1 Banking XAI Pipeline ====
[2026-04-08 23:43:27,956] [__main__] [INFO] Final validation metrics: {'accuracy': 0.982, 'auc': 0.6634136682507353, 'recall': 0.0, 'precision': 0.0, 'f1_score': 0.0}
[2026-04-08 23:43:27,956] [__main__] [INFO] Confusion matrix stats: {'tn': 1964, 'fp': 0, 'fn': 36, 'tp': 0}
[2026-04-08 23:43:29,359] [__main__] [INFO] ==== Phase-1 Pipeline completed successfully ====
[2026-04-09 00:22:31,037] [__main__] [INFO] ==== Starting Phase-1 Banking XAI Pipeline ====
[2026-04-09 00:22:32,185] [__main__] [INFO] Final validation metrics: {'accuracy': 0.9465, 'auc': 0.6423964697895452, 'recall': 0.08333333333333333, 'precision': 0.03896103896103896, 'f1_score': 0.05309734513274336}
[2026-04-09 00:22:32,185] [__main__] [INFO] Confusion matrix stats: {'tn': 1963, 'fp': 1, 'fn': 36, 'tp': 0}
[2026-04-09 00:22:34,216] [__main__] [INFO] ==== Phase-1 Pipeline completed successfully ====
[2026-04-09 00:26:18,349] [__main__] [INFO] ==== Starting Phase-1 Banking XAI Pipeline ====
[2026-04-09 00:26:19,440] [__main__] [INFO] Using evaluation threshold = 0.1
[2026-04-09 00:26:19,443] [__main__] [INFO] Final validation metrics: {'accuracy': 0.9465, 'auc': 0.6423964697895452, 'recall': 0.08333333333333333, 'precision': 0.03896103896103896, 'f1_score': 0.05309734513274336}
[2026-04-09 00:26:19,443] [__main__] [INFO] Confusion matrix stats: {'tn': 1890, 'fp': 74, 'fn': 33, 'tp': 3}
[2026-04-09 00:26:20,685] [__main__] [INFO] ==== Phase-1 Pipeline completed successfully ====
[2026-04-09 00:52:22,234] [__main__] [INFO] ==== Starting Phase-1 Banking XAI Pipeline ====
[2026-04-09 00:52:24,986] [__main__] [INFO] Using evaluation threshold = 0.05
[2026-04-09 00:52:24,989] [__main__] [INFO] Final validation metrics: {'accuracy': 0.9675, 'auc': 0.6872312740439013, 'recall': 0.027777777777777776, 'precision': 0.03225806451612903, 'f1_score': 0.029850746268656716}
[2026-04-09 00:52:24,989] [__main__] [INFO] Confusion matrix stats: {'tn': 1887, 'fp': 77, 'fn': 31, 'tp': 5}
[2026-04-09 00:52:26,424] [__main__] [INFO] ==== Phase-1 Pipeline completed successfully ====
[2026-04-09 01:44:41,890] [phase1.phase1_pipeline] [INFO] ==== Starting Phase-1 Banking XAI Pipeline ====
[2026-04-09 01:44:44,657] [phase1.phase1_pipeline] [INFO] Using evaluation threshold = 0.05
[2026-04-09 01:44:44,660] [phase1.phase1_pipeline] [INFO] Final validation metrics: {'accuracy': 0.9675, 'auc': 0.6872312740439013, 'recall': 0.027777777777777776, 'precision': 0.03225806451612903, 'f1_score': 0.029850746268656716}
[2026-04-09 01:44:44,660] [phase1.phase1_pipeline] [INFO] Confusion matrix stats: {'tn': 1887, 'fp': 77, 'fn': 31, 'tp': 5}
[2026-04-09 01:44:46,190] [phase1.phase1_pipeline] [INFO] ==== Phase-1 Pipeline completed successfully ====
[2026-04-09 01:53:37,318] [phase1.phase1_pipeline] [INFO] ==== Starting Phase-1 Banking XAI Pipeline ====
[2026-04-09 01:53:40,001] [phase1.phase1_pipeline] [INFO] Using evaluation threshold = 0.05
[2026-04-09 01:53:40,005] [phase1.phase1_pipeline] [INFO] Final validation metrics: {'accuracy': 0.9675, 'auc': 0.6872312740439013, 'recall': 0.027777777777777776, 'precision': 0.03225806451612903, 'f1_score': 0.029850746268656716}
[2026-04-09 01:53:40,005] [phase1.phase1_pipeline] [INFO] Confusion matrix stats: {'tn': 1887, 'fp': 77, 'fn': 31, 'tp': 5}
[2026-04-09 01:53:41,493] [phase1.phase1_pipeline] [INFO] ==== Phase-1 Pipeline completed successfully ====
[2026-04-09 10:36:02,519] [phase1.phase1_pipeline] [INFO] ==== Starting Phase-1 Banking XAI Pipeline ====
[2026-04-09 10:36:05,311] [phase1.phase1_pipeline] [INFO] Using evaluation threshold = 0.05
[2026-04-09 10:36:05,314] [phase1.phase1_pipeline] [INFO] Final validation metrics: {'accuracy': 0.9675, 'auc': 0.6872312740439013, 'recall': 0.027777777777777776, 'precision': 0.03225806451612903, 'f1_score': 0.029850746268656716}
[2026-04-09 10:36:05,314] [phase1.phase1_pipeline] [INFO] Confusion matrix stats: {'tn': 1887, 'fp': 77, 'fn': 31, 'tp': 5}
[2026-04-09 10:36:06,787] [phase1.phase1_pipeline] [INFO] ==== Phase-1 Pipeline completed successfully ====
[2026-04-09 11:44:49,080] [__main__] [INFO] ========== STARTING COMPLETE BANKING XAI PIPELINE ==========
[2026-04-09 11:44:49,081] [__main__] [INFO] ========== STARTING PHASE-1 ==========
[2026-04-09 11:44:49,081] [phase1.phase1_pipeline] [INFO] ==== Starting Phase-1 Banking XAI Pipeline ====
[2026-04-09 11:44:51,813] [phase1.phase1_pipeline] [INFO] Using evaluation threshold = 0.05
[2026-04-09 11:44:51,817] [phase1.phase1_pipeline] [INFO] Final validation metrics: {'accuracy': 0.9675, 'auc': 0.6872312740439013, 'recall': 0.027777777777777776, 'precision': 0.03225806451612903, 'f1_score': 0.029850746268656716}
[2026-04-09 11:44:51,817] [phase1.phase1_pipeline] [INFO] Confusion matrix stats: {'tn': 1887, 'fp': 77, 'fn': 31, 'tp': 5}
[2026-04-09 11:44:53,327] [phase1.phase1_pipeline] [INFO] ==== Phase-1 Pipeline completed successfully ====
[2026-04-09 11:44:53,327] [__main__] [INFO] ========== PHASE-1 COMPLETED ==========
[2026-04-09 11:44:53,327] [__main__] [INFO] ========== STARTING PHASE-2 ==========
[2026-04-09 12:19:27,160] [__main__] [INFO] ========== STARTING COMPLETE BANKING XAI PIPELINE ==========
[2026-04-09 12:19:27,161] [__main__] [INFO] ========== STARTING PHASE-1 ==========
[2026-04-09 12:19:27,161] [phase1.phase1_pipeline] [INFO] ==== Starting Phase-1 Banking XAI Pipeline ====
[2026-04-09 12:19:29,903] [phase1.phase1_pipeline] [INFO] Using evaluation threshold = 0.05
[2026-04-09 12:19:29,906] [phase1.phase1_pipeline] [INFO] Final validation metrics: {'accuracy': 0.9675, 'auc': 0.6872312740439013, 'recall': 0.027777777777777776, 'precision': 0.03225806451612903, 'f1_score': 0.029850746268656716}
[2026-04-09 12:19:29,906] [phase1.phase1_pipeline] [INFO] Confusion matrix stats: {'tn': 1887, 'fp': 77, 'fn': 31, 'tp': 5}
[2026-04-09 12:19:31,382] [phase1.phase1_pipeline] [INFO] ==== Phase-1 Pipeline completed successfully ====
[2026-04-09 12:19:31,382] [__main__] [INFO] ========== PHASE-1 COMPLETED ==========
[2026-04-09 12:19:31,382] [__main__] [INFO] ========== STARTING PHASE-2 ==========
[2026-04-09 13:06:49,922] [__main__] [INFO] ========== STARTING COMPLETE BANKING XAI PIPELINE ==========
[2026-04-09 13:06:49,922] [__main__] [INFO] ========== STARTING PHASE-1 ==========
[2026-04-09 13:06:49,922] [phase1.phase1_pipeline] [INFO] ==== Starting Phase-1 Banking XAI Pipeline ====
[2026-04-09 13:06:52,615] [phase1.phase1_pipeline] [INFO] Using evaluation threshold = 0.05
[2026-04-09 13:06:52,618] [phase1.phase1_pipeline] [INFO] Final validation metrics: {'accuracy': 0.9675, 'auc': 0.6872312740439013, 'recall': 0.027777777777777776, 'precision': 0.03225806451612903, 'f1_score': 0.029850746268656716}
[2026-04-09 13:06:52,618] [phase1.phase1_pipeline] [INFO] Confusion matrix stats: {'tn': 1887, 'fp': 77, 'fn': 31, 'tp': 5}
[2026-04-09 13:06:54,015] [phase1.phase1_pipeline] [INFO] ==== Phase-1 Pipeline completed successfully ====
[2026-04-09 13:06:54,015] [__main__] [INFO] ========== PHASE-1 COMPLETED ==========
[2026-04-09 13:06:54,015] [__main__] [INFO] ========== STARTING PHASE-2 ==========
[2026-04-09 13:11:42,779] [__main__] [INFO] ========== STARTING COMPLETE BANKING XAI PIPELINE ==========
[2026-04-09 13:11:42,779] [__main__] [INFO] ========== STARTING PHASE-1 ==========
[2026-04-09 13:11:42,779] [phase1.phase1_pipeline] [INFO] ==== Starting Phase-1 Banking XAI Pipeline ====
[2026-04-09 13:11:45,469] [phase1.phase1_pipeline] [INFO] Using evaluation threshold = 0.05
[2026-04-09 13:11:45,472] [phase1.phase1_pipeline] [INFO] Final validation metrics: {'accuracy': 0.9675, 'auc': 0.6872312740439013, 'recall': 0.027777777777777776, 'precision': 0.03225806451612903, 'f1_score': 0.029850746268656716}
[2026-04-09 13:11:45,472] [phase1.phase1_pipeline] [INFO] Confusion matrix stats: {'tn': 1887, 'fp': 77, 'fn': 31, 'tp': 5}
[2026-04-09 13:11:46,912] [phase1.phase1_pipeline] [INFO] ==== Phase-1 Pipeline completed successfully ====
[2026-04-09 13:11:46,912] [__main__] [INFO] ========== PHASE-1 COMPLETED ==========
[2026-04-09 13:11:46,912] [__main__] [INFO] ========== STARTING PHASE-2 ==========
[2026-04-09 16:32:29,806] [__main__] [INFO] ========== STARTING COMPLETE BANKING XAI PIPELINE ==========
[2026-04-09 16:32:29,807] [__main__] [INFO] ========== STARTING PHASE-1 ==========
[2026-04-09 16:32:29,807] [phase1.phase1_pipeline] [INFO] ==== Starting Phase-1 Banking XAI Pipeline ====
[2026-04-09 16:32:32,564] [phase1.phase1_pipeline] [INFO] Using evaluation threshold = 0.05
[2026-04-09 16:32:32,568] [phase1.phase1_pipeline] [INFO] Final validation metrics: {'accuracy': 0.9675, 'auc': 0.6872312740439013, 'recall': 0.027777777777777776, 'precision': 0.03225806451612903, 'f1_score': 0.029850746268656716}
[2026-04-09 16:32:32,568] [phase1.phase1_pipeline] [INFO] Confusion matrix stats: {'tn': 1887, 'fp': 77, 'fn': 31, 'tp': 5}
[2026-04-09 16:32:34,036] [phase1.phase1_pipeline] [INFO] ==== Phase-1 Pipeline completed successfully ====
[2026-04-09 16:32:34,036] [__main__] [INFO] ========== PHASE-1 COMPLETED ==========
[2026-04-09 16:32:34,036] [__main__] [INFO] ========== STARTING PHASE-2 ==========
[2026-04-09 16:32:59,571] [__main__] [INFO] ========== PHASE-2 COMPLETED ==========
[2026-04-09 16:32:59,571] [__main__] [INFO] ========== COMPLETE BANKING XAI PIPELINE COMPLETED SUCCESSFULLY ==========
[2026-04-09 16:46:43,362] [__main__] [INFO] ========== STARTING COMPLETE BANKING XAI PIPELINE ==========
[2026-04-09 16:46:43,362] [__main__] [INFO] ========== STARTING PHASE-1 ==========
[2026-04-09 16:46:43,362] [phase1.phase1_pipeline] [INFO] ==== Starting Phase-1 Banking XAI Pipeline ====
[2026-04-09 17:10:47,439] [__main__] [INFO] ========== STARTING COMPLETE BANKING XAI PIPELINE ==========
[2026-04-09 17:10:47,439] [__main__] [INFO] ========== STARTING PHASE-1 ==========
[2026-04-09 17:10:47,440] [phase1.phase1_pipeline] [INFO] ==== Starting Phase-1 Banking XAI Pipeline ====
[2026-04-09 17:10:50,083] [phase1.phase1_pipeline] [INFO] Using evaluation threshold = 0.05
[2026-04-09 17:10:50,087] [phase1.phase1_pipeline] [INFO] Final validation metrics: {'accuracy': 0.827, 'auc': 0.9162008469449486, 'recall': 0.903448275862069, 'precision': 0.4517241379310345, 'f1_score': 0.6022988505747127}
[2026-04-09 17:10:50,087] [phase1.phase1_pipeline] [INFO] Confusion matrix stats: {'tn': 648, 'fp': 207, 'fn': 3, 'tp': 142}
[2026-04-09 17:10:51,764] [phase1.phase1_pipeline] [INFO] ==== Phase-1 Pipeline completed successfully ====
[2026-04-09 17:10:51,764] [__main__] [INFO] ========== PHASE-1 COMPLETED ==========
[2026-04-09 17:10:51,764] [__main__] [INFO] ========== STARTING PHASE-2 ==========
[2026-04-09 17:11:06,082] [__main__] [INFO] ========== PHASE-2 COMPLETED ==========
[2026-04-09 17:11:06,082] [__main__] [INFO] ========== COMPLETE BANKING XAI PIPELINE COMPLETED SUCCESSFULLY ==========
