[2026-04-09 01:48:29,125] [__main__] [INFO] Running standalone Phase-2 pipeline
[2026-04-09 01:48:29,293] [__main__] [INFO] ==== Starting Phase-2 Banking XAI Pipeline ====
[2026-04-09 01:48:29,293] [__main__] [INFO] Building sequential dataset
[2026-04-09 01:48:29,304] [__main__] [INFO] Sequence dataset created with shape X=(9994, 6, 50), y=(9994,)
[2026-04-09 01:48:29,304] [__main__] [INFO] Training LSTM model
[2026-04-09 01:48:54,426] [__main__] [INFO] LSTM model training completed
[2026-04-09 01:48:54,426] [__main__] [INFO] ==== Phase-2 Pipeline completed successfully ====
[2026-04-09 01:51:14,015] [__main__] [INFO] Running standalone Phase-2 pipeline
[2026-04-09 01:51:14,181] [__main__] [INFO] ==== Starting Phase-2 Banking XAI Pipeline ====
[2026-04-09 01:51:14,181] [__main__] [INFO] Building sequential dataset
[2026-04-09 01:51:14,191] [__main__] [INFO] Sequence dataset created with shape X=(9994, 6, 50), y=(9994,)
[2026-04-09 01:51:14,191] [__main__] [INFO] Training LSTM model
[2026-04-09 01:51:39,709] [__main__] [INFO] LSTM model training completed
[2026-04-09 01:51:39,709] [__main__] [INFO] ==== Phase-2 Pipeline completed successfully ====
[2026-04-09 10:36:57,881] [__main__] [INFO] Running standalone Phase-2 pipeline
[2026-04-09 10:36:58,046] [__main__] [INFO] ==== Starting Phase-2 Banking XAI Pipeline ====
[2026-04-09 10:36:58,046] [__main__] [INFO] Building sequential dataset
[2026-04-09 10:36:58,056] [__main__] [INFO] Sequence dataset created with shape X=(9994, 6, 50), y=(9994,)
[2026-04-09 10:36:58,056] [__main__] [INFO] Training LSTM model
[2026-04-09 10:37:22,705] [__main__] [INFO] LSTM model training completed
[2026-04-09 10:37:22,705] [__main__] [INFO] ==== Phase-2 Pipeline completed successfully ====
[2026-04-09 11:05:21,715] [__main__] [INFO] Running standalone Phase-2 pipeline
[2026-04-09 11:05:21,981] [__main__] [INFO] ==== Starting Phase-2 Banking XAI Pipeline ====
[2026-04-09 11:05:21,981] [__main__] [INFO] Building sequential dataset
[2026-04-09 11:05:21,991] [__main__] [INFO] Sequence dataset created with shape X=(9994, 6, 50), y=(9994,)
[2026-04-09 11:05:21,991] [__main__] [INFO] Training LSTM model
[2026-04-09 11:05:47,225] [__main__] [INFO] LSTM model training completed
[2026-04-09 11:05:47,225] [__main__] [INFO] ==== Phase-2 Pipeline completed successfully ====
[2026-04-09 11:40:12,581] [__main__] [INFO] Running standalone Phase-2 pipeline
[2026-04-09 11:40:12,855] [__main__] [INFO] ==== Starting Phase-2 Banking XAI Pipeline ====
[2026-04-09 11:40:12,855] [__main__] [INFO] Building sequential dataset
[2026-04-09 11:40:12,865] [__main__] [INFO] Sequence dataset created with shape X=(9994, 6, 50), y=(9994,)
[2026-04-09 11:40:12,865] [__main__] [INFO] Training LSTM model
[2026-04-09 11:40:37,940] [__main__] [INFO] LSTM model training completed
[2026-04-09 11:40:37,940] [__main__] [INFO] ==== Phase-2 Pipeline completed successfully ====
[2026-04-09 12:19:31,382] [phase2.phase2_pipeline] [INFO] ==== Starting Phase-2 Banking XAI Pipeline ====
[2026-04-09 12:19:31,383] [phase2.phase2_pipeline] [INFO] Building sequential dataset
[2026-04-09 12:19:31,404] [phase2.phase2_pipeline] [INFO] Sequence dataset created with shape X=(9994, 6, 53), y=(9994,)
[2026-04-09 12:19:31,404] [phase2.phase2_pipeline] [INFO] Training LSTM model
[2026-04-09 13:06:54,015] [phase2.phase2_pipeline] [INFO] ==== Starting Phase-2 Banking XAI Pipeline ====
[2026-04-09 13:06:54,015] [phase2.phase2_pipeline] [INFO] Building sequential dataset
[2026-04-09 13:06:54,034] [phase2.phase2_pipeline] [INFO] Sequence dataset created with shape X=(9994, 6, 53), y=(9994,)
[2026-04-09 13:06:54,034] [phase2.phase2_pipeline] [INFO] Training LSTM model
[2026-04-09 13:11:46,912] [phase2.phase2_pipeline] [INFO] ==== Starting Phase-2 Banking XAI Pipeline ====
[2026-04-09 13:11:46,912] [phase2.phase2_pipeline] [INFO] Building sequential dataset
[2026-04-09 13:11:46,931] [phase2.phase2_pipeline] [INFO] Sequence dataset created with shape X=(9994, 6, 53), y=(9994,)
[2026-04-09 13:11:46,931] [phase2.phase2_pipeline] [INFO] Training LSTM model
[2026-04-09 16:32:34,036] [phase2.phase2_pipeline] [INFO] ==== Starting Phase-2 Banking XAI Pipeline ====
[2026-04-09 16:32:34,048] [phase2.phase2_pipeline] [INFO] Building sequential dataset
[2026-04-09 16:32:34,058] [phase2.phase2_pipeline] [INFO] Sequence dataset created with shape X=(9994, 6, 50), y=(9994,)
[2026-04-09 16:32:34,058] [phase2.phase2_pipeline] [INFO] Training LSTM model
[2026-04-09 16:32:59,571] [phase2.phase2_pipeline] [INFO] LSTM model training completed
[2026-04-09 16:32:59,571] [phase2.phase2_pipeline] [INFO] ==== Phase-2 Pipeline completed successfully ====
[2026-04-09 17:10:51,764] [phase2.phase2_pipeline] [INFO] ==== Starting Phase-2 Banking XAI Pipeline ====
[2026-04-09 17:10:51,775] [phase2.phase2_pipeline] [INFO] Building sequential dataset
[2026-04-09 17:10:51,780] [phase2.phase2_pipeline] [INFO] Sequence dataset created with shape X=(4994, 6, 50), y=(4994,)
[2026-04-09 17:10:51,780] [phase2.phase2_pipeline] [INFO] Training LSTM model
[2026-04-09 17:11:06,082] [phase2.phase2_pipeline] [INFO] LSTM model training completed
[2026-04-09 17:11:06,082] [phase2.phase2_pipeline] [INFO] ==== Phase-2 Pipeline completed successfully ====
