[2026-04-08 22:46:27,678] [preprocessing] [INFO] Starting basic cleaning
[2026-04-08 22:46:27,681] [preprocessing] [INFO] Loan status value counts BEFORE encoding:
[2026-04-08 22:46:27,682] [preprocessing] [INFO] loan_status
Current               9375
Fully Paid             447
In Grace Period         67
Late (31-120 days)      66
Late (16-30 days)       38
Charged Off              7
[2026-04-08 22:46:27,683] [preprocessing] [INFO] Loan status value counts AFTER encoding (0=good, 1=bad):
[2026-04-08 22:46:27,683] [preprocessing] [INFO] loan_status
0    9822
1     178
[2026-04-08 22:46:27,683] [preprocessing] [INFO] Dropping leakage columns: ['balance', 'paid_total', 'paid_principal', 'paid_interest', 'paid_late_fees', 'grade', 'sub_grade', 'initial_listing_status', 'disbursement_method', 'issue_month', 'term', 'interest_rate', 'installment', 'loan_amount']
[2026-04-08 22:46:27,686] [preprocessing] [INFO] Dropped 0 rows with missing target.
[2026-04-08 22:46:27,687] [preprocessing] [INFO] Features shape: (10000, 45), Target shape: (10000,)
[2026-04-08 22:46:27,692] [preprocessing] [INFO] Train shape: (8000, 45), Test shape: (2000, 45)
[2026-04-08 22:46:27,693] [preprocessing] [INFO] Numeric features: 38, Categorical features: 7
[2026-04-08 22:46:27,693] [preprocessing] [INFO] Fitting preprocessor on training data
[2026-04-08 22:46:27,741] [preprocessing] [INFO] Transformed Train shape: (8000, 4063), Test shape: (2000, 4063)
[2026-04-08 23:24:40,270] [phase1.preprocessing] [INFO] Starting basic cleaning
[2026-04-08 23:24:40,274] [phase1.preprocessing] [INFO] Loan status value counts BEFORE encoding:
[2026-04-08 23:24:40,278] [phase1.preprocessing] [INFO] loan_status
Current               9375
Fully Paid             447
In Grace Period         67
Late (31-120 days)      66
Late (16-30 days)       38
Charged Off              7
[2026-04-08 23:24:40,278] [phase1.preprocessing] [INFO] Loan status value counts AFTER encoding (0=good, 1=bad):
[2026-04-08 23:24:40,279] [phase1.preprocessing] [INFO] loan_status
0    9822
1     178
[2026-04-08 23:24:40,279] [phase1.preprocessing] [INFO] Dropping leakage columns: ['balance', 'paid_total', 'paid_principal', 'paid_interest', 'paid_late_fees', 'grade', 'sub_grade', 'initial_listing_status', 'disbursement_method', 'issue_month', 'term', 'interest_rate', 'installment', 'loan_amount']
[2026-04-08 23:24:40,282] [phase1.preprocessing] [INFO] Dropped 0 rows with missing target.
[2026-04-08 23:24:40,283] [phase1.preprocessing] [INFO] Features shape: (10000, 45), Target shape: (10000,)
[2026-04-08 23:24:40,290] [phase1.preprocessing] [INFO] Train shape: (8000, 45), Test shape: (2000, 45)
[2026-04-08 23:24:40,291] [phase1.preprocessing] [INFO] Numeric features: 35, Categorical features: 10
[2026-04-08 23:24:40,291] [phase1.preprocessing] [INFO] Fitting preprocessor on training data
[2026-04-08 23:24:40,414] [phase1.preprocessing] [INFO] Transformed Train shape: (8000, 21888), Test shape: (2000, 21888)
[2026-04-08 23:43:04,123] [phase1.preprocessing] [INFO] Starting basic cleaning
[2026-04-08 23:43:04,128] [phase1.preprocessing] [INFO] Loan status value counts BEFORE encoding:
[2026-04-08 23:43:04,131] [phase1.preprocessing] [INFO] loan_status
Current               9375
Fully Paid             447
In Grace Period         67
Late (31-120 days)      66
Late (16-30 days)       38
Charged Off              7
[2026-04-08 23:43:04,131] [phase1.preprocessing] [INFO] Loan status value counts AFTER encoding (0=good, 1=bad):
[2026-04-08 23:43:04,133] [phase1.preprocessing] [INFO] loan_status
0    9822
1     178
[2026-04-08 23:43:04,133] [phase1.preprocessing] [INFO] Dropping leakage columns: ['balance', 'paid_total', 'paid_principal', 'paid_interest', 'paid_late_fees', 'grade', 'sub_grade', 'initial_listing_status', 'disbursement_method', 'issue_month', 'term', 'interest_rate', 'installment', 'loan_amount']
[2026-04-08 23:43:04,135] [phase1.preprocessing] [INFO] Dropped 0 rows with missing target.
[2026-04-08 23:43:04,135] [phase1.preprocessing] [INFO] Features shape: (10000, 45), Target shape: (10000,)
[2026-04-08 23:43:04,141] [phase1.preprocessing] [INFO] Train shape: (8000, 45), Test shape: (2000, 45)
[2026-04-08 23:43:04,142] [phase1.preprocessing] [INFO] Numeric features: 35, Categorical features: 10
[2026-04-08 23:43:04,142] [phase1.preprocessing] [INFO] Fitting preprocessor on training data
[2026-04-08 23:43:04,265] [phase1.preprocessing] [INFO] Transformed Train shape: (8000, 21888), Test shape: (2000, 21888)
[2026-04-09 00:22:31,089] [phase1.preprocessing] [INFO] Starting basic cleaning
[2026-04-09 00:22:31,091] [phase1.preprocessing] [INFO] Loan status value counts BEFORE encoding:
[2026-04-09 00:22:31,092] [phase1.preprocessing] [INFO] loan_status
Current               9375
Fully Paid             447
In Grace Period         67
Late (31-120 days)      66
Late (16-30 days)       38
Charged Off              7
[2026-04-09 00:22:31,092] [phase1.preprocessing] [INFO] Loan status value counts AFTER encoding (0=good, 1=bad):
[2026-04-09 00:22:31,093] [phase1.preprocessing] [INFO] loan_status
0    9822
1     178
[2026-04-09 00:22:31,093] [phase1.preprocessing] [INFO] Dropping leakage columns: ['balance', 'paid_total', 'paid_principal', 'paid_interest', 'paid_late_fees']
[2026-04-09 00:22:31,093] [phase1.preprocessing] [INFO] Dropping high-cardinality columns: ['emp_title']
[2026-04-09 00:22:31,095] [phase1.preprocessing] [INFO] Converting issue_month into date features
[2026-04-09 00:22:31,105] [phase1.preprocessing] [INFO] Dropped 0 rows with missing target.
[2026-04-09 00:22:31,105] [phase1.preprocessing] [INFO] Final cleaned dataframe shape: (10000, 62)
[2026-04-09 00:22:31,105] [phase1.preprocessing] [INFO] Features shape: (10000, 61), Target shape: (10000,)
[2026-04-09 00:22:31,110] [phase1.preprocessing] [INFO] Train shape: (8000, 61), Test shape: (2000, 61)
[2026-04-09 00:22:31,110] [phase1.preprocessing] [INFO] Numeric features: 50, Categorical features: 11
[2026-04-09 00:22:31,110] [phase1.preprocessing] [INFO] Fitting preprocessor on training data
[2026-04-09 00:22:31,184] [phase1.preprocessing] [INFO] Transformed Train shape: (8000, 169), Test shape: (2000, 169)
[2026-04-09 00:26:18,396] [phase1.preprocessing] [INFO] Starting basic cleaning
[2026-04-09 00:26:18,397] [phase1.preprocessing] [INFO] Loan status value counts BEFORE encoding:
[2026-04-09 00:26:18,398] [phase1.preprocessing] [INFO] loan_status
Current               9375
Fully Paid             447
In Grace Period         67
Late (31-120 days)      66
Late (16-30 days)       38
Charged Off              7
[2026-04-09 00:26:18,398] [phase1.preprocessing] [INFO] Loan status value counts AFTER encoding (0=good, 1=bad):
[2026-04-09 00:26:18,398] [phase1.preprocessing] [INFO] loan_status
0    9822
1     178
[2026-04-09 00:26:18,398] [phase1.preprocessing] [INFO] Dropping leakage columns: ['balance', 'paid_total', 'paid_principal', 'paid_interest', 'paid_late_fees']
[2026-04-09 00:26:18,399] [phase1.preprocessing] [INFO] Dropping high-cardinality columns: ['emp_title']
[2026-04-09 00:26:18,401] [phase1.preprocessing] [INFO] Converting issue_month into date features
[2026-04-09 00:26:18,408] [phase1.preprocessing] [INFO] Dropped 0 rows with missing target.
[2026-04-09 00:26:18,408] [phase1.preprocessing] [INFO] Final cleaned dataframe shape: (10000, 62)
[2026-04-09 00:26:18,408] [phase1.preprocessing] [INFO] Features shape: (10000, 61), Target shape: (10000,)
[2026-04-09 00:26:18,413] [phase1.preprocessing] [INFO] Train shape: (8000, 61), Test shape: (2000, 61)
[2026-04-09 00:26:18,413] [phase1.preprocessing] [INFO] Numeric features: 50, Categorical features: 11
[2026-04-09 00:26:18,413] [phase1.preprocessing] [INFO] Fitting preprocessor on training data
[2026-04-09 00:26:18,485] [phase1.preprocessing] [INFO] Transformed Train shape: (8000, 169), Test shape: (2000, 169)
[2026-04-09 00:52:22,297] [phase1.preprocessing] [INFO] Starting basic cleaning
[2026-04-09 00:52:22,300] [phase1.preprocessing] [INFO] Loan status value counts BEFORE encoding:
[2026-04-09 00:52:22,305] [phase1.preprocessing] [INFO] loan_status
Current               9375
Fully Paid             447
In Grace Period         67
Late (31-120 days)      66
Late (16-30 days)       38
Charged Off              7
[2026-04-09 00:52:22,305] [phase1.preprocessing] [INFO] Loan status value counts AFTER encoding (0=good, 1=bad):
[2026-04-09 00:52:22,306] [phase1.preprocessing] [INFO] loan_status
0    9822
1     178
[2026-04-09 00:52:22,306] [phase1.preprocessing] [INFO] Dropping leakage columns: ['balance', 'paid_total', 'paid_principal', 'paid_interest', 'paid_late_fees']
[2026-04-09 00:52:22,307] [phase1.preprocessing] [INFO] Dropping high-cardinality columns: ['emp_title']
[2026-04-09 00:52:22,309] [phase1.preprocessing] [INFO] Converting issue_month into date features
[2026-04-09 00:52:22,319] [phase1.preprocessing] [INFO] Dropped 0 rows with missing target.
[2026-04-09 00:52:22,319] [phase1.preprocessing] [INFO] Final cleaned dataframe shape: (10000, 62)
[2026-04-09 00:52:22,319] [phase1.preprocessing] [INFO] Features shape: (10000, 61), Target shape: (10000,)
[2026-04-09 00:52:22,325] [phase1.preprocessing] [INFO] Train shape: (8000, 61), Test shape: (2000, 61)
[2026-04-09 00:52:22,325] [phase1.preprocessing] [INFO] Numeric features: 50, Categorical features: 11
[2026-04-09 00:52:22,325] [phase1.preprocessing] [INFO] Fitting preprocessor on training data
[2026-04-09 00:52:22,401] [phase1.preprocessing] [INFO] Transformed Train shape: (8000, 169), Test shape: (2000, 169)
[2026-04-09 01:44:41,966] [phase1.preprocessing] [INFO] Starting basic cleaning
[2026-04-09 01:44:41,970] [phase1.preprocessing] [INFO] Loan status value counts BEFORE encoding:
[2026-04-09 01:44:41,973] [phase1.preprocessing] [INFO] loan_status
Current               9375
Fully Paid             447
In Grace Period         67
Late (31-120 days)      66
Late (16-30 days)       38
Charged Off              7
[2026-04-09 01:44:41,974] [phase1.preprocessing] [INFO] Loan status value counts AFTER encoding (0=good, 1=bad):
[2026-04-09 01:44:41,975] [phase1.preprocessing] [INFO] loan_status
0    9822
1     178
[2026-04-09 01:44:41,975] [phase1.preprocessing] [INFO] Dropping leakage columns: ['balance', 'paid_total', 'paid_principal', 'paid_interest', 'paid_late_fees']
[2026-04-09 01:44:41,978] [phase1.preprocessing] [INFO] Dropping high-cardinality columns: ['emp_title']
[2026-04-09 01:44:41,981] [phase1.preprocessing] [INFO] Converting issue_month into date features
[2026-04-09 01:44:41,991] [phase1.preprocessing] [INFO] Dropped 0 rows with missing target.
[2026-04-09 01:44:41,991] [phase1.preprocessing] [INFO] Final cleaned dataframe shape: (10000, 62)
[2026-04-09 01:44:41,992] [phase1.preprocessing] [INFO] Features shape: (10000, 61), Target shape: (10000,)
[2026-04-09 01:44:41,998] [phase1.preprocessing] [INFO] Train shape: (8000, 61), Test shape: (2000, 61)
[2026-04-09 01:44:41,999] [phase1.preprocessing] [INFO] Numeric features: 50, Categorical features: 11
[2026-04-09 01:44:41,999] [phase1.preprocessing] [INFO] Fitting preprocessor on training data
[2026-04-09 01:44:42,078] [phase1.preprocessing] [INFO] Transformed Train shape: (8000, 169), Test shape: (2000, 169)
[2026-04-09 01:48:29,279] [phase1.preprocessing] [INFO] Starting basic cleaning
[2026-04-09 01:48:29,281] [phase1.preprocessing] [INFO] Loan status value counts BEFORE encoding:
[2026-04-09 01:48:29,282] [phase1.preprocessing] [INFO] loan_status
Current               9375
Fully Paid             447
In Grace Period         67
Late (31-120 days)      66
Late (16-30 days)       38
Charged Off              7
[2026-04-09 01:48:29,282] [phase1.preprocessing] [INFO] Loan status value counts AFTER encoding (0=good, 1=bad):
[2026-04-09 01:48:29,282] [phase1.preprocessing] [INFO] loan_status
0    9822
1     178
[2026-04-09 01:48:29,282] [phase1.preprocessing] [INFO] Dropping leakage columns: ['balance', 'paid_total', 'paid_principal', 'paid_interest', 'paid_late_fees']
[2026-04-09 01:48:29,283] [phase1.preprocessing] [INFO] Dropping high-cardinality columns: ['emp_title']
[2026-04-09 01:48:29,285] [phase1.preprocessing] [INFO] Converting issue_month into date features
[2026-04-09 01:48:29,293] [phase1.preprocessing] [INFO] Dropped 0 rows with missing target.
[2026-04-09 01:48:29,293] [phase1.preprocessing] [INFO] Final cleaned dataframe shape: (10000, 62)
[2026-04-09 01:51:14,167] [phase1.preprocessing] [INFO] Starting basic cleaning
[2026-04-09 01:51:14,170] [phase1.preprocessing] [INFO] Loan status value counts BEFORE encoding:
[2026-04-09 01:51:14,171] [phase1.preprocessing] [INFO] loan_status
Current               9375
Fully Paid             447
In Grace Period         67
Late (31-120 days)      66
Late (16-30 days)       38
Charged Off              7
[2026-04-09 01:51:14,171] [phase1.preprocessing] [INFO] Loan status value counts AFTER encoding (0=good, 1=bad):
[2026-04-09 01:51:14,171] [phase1.preprocessing] [INFO] loan_status
0    9822
1     178
[2026-04-09 01:51:14,171] [phase1.preprocessing] [INFO] Dropping leakage columns: ['balance', 'paid_total', 'paid_principal', 'paid_interest', 'paid_late_fees']
[2026-04-09 01:51:14,172] [phase1.preprocessing] [INFO] Dropping high-cardinality columns: ['emp_title']
[2026-04-09 01:51:14,174] [phase1.preprocessing] [INFO] Converting issue_month into date features
[2026-04-09 01:51:14,181] [phase1.preprocessing] [INFO] Dropped 0 rows with missing target.
[2026-04-09 01:51:14,181] [phase1.preprocessing] [INFO] Final cleaned dataframe shape: (10000, 62)
[2026-04-09 01:53:37,366] [phase1.preprocessing] [INFO] Starting basic cleaning
[2026-04-09 01:53:37,368] [phase1.preprocessing] [INFO] Loan status value counts BEFORE encoding:
[2026-04-09 01:53:37,369] [phase1.preprocessing] [INFO] loan_status
Current               9375
Fully Paid             447
In Grace Period         67
Late (31-120 days)      66
Late (16-30 days)       38
Charged Off              7
[2026-04-09 01:53:37,369] [phase1.preprocessing] [INFO] Loan status value counts AFTER encoding (0=good, 1=bad):
[2026-04-09 01:53:37,369] [phase1.preprocessing] [INFO] loan_status
0    9822
1     178
[2026-04-09 01:53:37,369] [phase1.preprocessing] [INFO] Dropping leakage columns: ['balance', 'paid_total', 'paid_principal', 'paid_interest', 'paid_late_fees']
[2026-04-09 01:53:37,370] [phase1.preprocessing] [INFO] Dropping high-cardinality columns: ['emp_title']
[2026-04-09 01:53:37,372] [phase1.preprocessing] [INFO] Converting issue_month into date features
[2026-04-09 01:53:37,380] [phase1.preprocessing] [INFO] Dropped 0 rows with missing target.
[2026-04-09 01:53:37,380] [phase1.preprocessing] [INFO] Final cleaned dataframe shape: (10000, 62)
[2026-04-09 01:53:37,380] [phase1.preprocessing] [INFO] Features shape: (10000, 61), Target shape: (10000,)
[2026-04-09 01:53:37,385] [phase1.preprocessing] [INFO] Train shape: (8000, 61), Test shape: (2000, 61)
[2026-04-09 01:53:37,385] [phase1.preprocessing] [INFO] Numeric features: 50, Categorical features: 11
[2026-04-09 01:53:37,386] [phase1.preprocessing] [INFO] Fitting preprocessor on training data
[2026-04-09 01:53:37,457] [phase1.preprocessing] [INFO] Transformed Train shape: (8000, 169), Test shape: (2000, 169)
[2026-04-09 10:36:02,580] [phase1.preprocessing] [INFO] Starting basic cleaning
[2026-04-09 10:36:02,584] [phase1.preprocessing] [INFO] Loan status value counts BEFORE encoding:
[2026-04-09 10:36:02,587] [phase1.preprocessing] [INFO] loan_status
Current               9375
Fully Paid             447
In Grace Period         67
Late (31-120 days)      66
Late (16-30 days)       38
Charged Off              7
[2026-04-09 10:36:02,587] [phase1.preprocessing] [INFO] Loan status value counts AFTER encoding (0=good, 1=bad):
[2026-04-09 10:36:02,588] [phase1.preprocessing] [INFO] loan_status
0    9822
1     178
[2026-04-09 10:36:02,588] [phase1.preprocessing] [INFO] Dropping leakage columns: ['balance', 'paid_total', 'paid_principal', 'paid_interest', 'paid_late_fees']
[2026-04-09 10:36:02,590] [phase1.preprocessing] [INFO] Dropping high-cardinality columns: ['emp_title']
[2026-04-09 10:36:02,592] [phase1.preprocessing] [INFO] Converting issue_month into date features
[2026-04-09 10:36:02,600] [phase1.preprocessing] [INFO] Dropped 0 rows with missing target.
[2026-04-09 10:36:02,600] [phase1.preprocessing] [INFO] Final cleaned dataframe shape: (10000, 62)
[2026-04-09 10:36:02,601] [phase1.preprocessing] [INFO] Features shape: (10000, 61), Target shape: (10000,)
[2026-04-09 10:36:02,606] [phase1.preprocessing] [INFO] Train shape: (8000, 61), Test shape: (2000, 61)
[2026-04-09 10:36:02,607] [phase1.preprocessing] [INFO] Numeric features: 50, Categorical features: 11
[2026-04-09 10:36:02,607] [phase1.preprocessing] [INFO] Fitting preprocessor on training data
[2026-04-09 10:36:02,685] [phase1.preprocessing] [INFO] Transformed Train shape: (8000, 169), Test shape: (2000, 169)
[2026-04-09 10:36:58,033] [phase1.preprocessing] [INFO] Starting basic cleaning
[2026-04-09 10:36:58,035] [phase1.preprocessing] [INFO] Loan status value counts BEFORE encoding:
[2026-04-09 10:36:58,036] [phase1.preprocessing] [INFO] loan_status
Current               9375
Fully Paid             447
In Grace Period         67
Late (31-120 days)      66
Late (16-30 days)       38
Charged Off              7
[2026-04-09 10:36:58,036] [phase1.preprocessing] [INFO] Loan status value counts AFTER encoding (0=good, 1=bad):
[2026-04-09 10:36:58,037] [phase1.preprocessing] [INFO] loan_status
0    9822
1     178
[2026-04-09 10:36:58,037] [phase1.preprocessing] [INFO] Dropping leakage columns: ['balance', 'paid_total', 'paid_principal', 'paid_interest', 'paid_late_fees']
[2026-04-09 10:36:58,037] [phase1.preprocessing] [INFO] Dropping high-cardinality columns: ['emp_title']
[2026-04-09 10:36:58,039] [phase1.preprocessing] [INFO] Converting issue_month into date features
[2026-04-09 10:36:58,046] [phase1.preprocessing] [INFO] Dropped 0 rows with missing target.
[2026-04-09 10:36:58,046] [phase1.preprocessing] [INFO] Final cleaned dataframe shape: (10000, 62)
[2026-04-09 11:05:21,961] [phase1.preprocessing] [INFO] Starting basic cleaning
[2026-04-09 11:05:21,964] [phase1.preprocessing] [INFO] Loan status value counts BEFORE encoding:
[2026-04-09 11:05:21,968] [phase1.preprocessing] [INFO] loan_status
Current               9375
Fully Paid             447
In Grace Period         67
Late (31-120 days)      66
Late (16-30 days)       38
Charged Off              7
[2026-04-09 11:05:21,968] [phase1.preprocessing] [INFO] Loan status value counts AFTER encoding (0=good, 1=bad):
[2026-04-09 11:05:21,969] [phase1.preprocessing] [INFO] loan_status
0    9822
1     178
[2026-04-09 11:05:21,969] [phase1.preprocessing] [INFO] Dropping leakage columns: ['balance', 'paid_total', 'paid_principal', 'paid_interest', 'paid_late_fees']
[2026-04-09 11:05:21,971] [phase1.preprocessing] [INFO] Dropping high-cardinality columns: ['emp_title']
[2026-04-09 11:05:21,973] [phase1.preprocessing] [INFO] Converting issue_month into date features
[2026-04-09 11:05:21,981] [phase1.preprocessing] [INFO] Dropped 0 rows with missing target.
[2026-04-09 11:05:21,981] [phase1.preprocessing] [INFO] Final cleaned dataframe shape: (10000, 62)
[2026-04-09 11:40:12,832] [phase1.preprocessing] [INFO] Starting basic cleaning
[2026-04-09 11:40:12,836] [phase1.preprocessing] [INFO] Loan status value counts BEFORE encoding:
[2026-04-09 11:40:12,839] [phase1.preprocessing] [INFO] loan_status
Current               9375
Fully Paid             447
In Grace Period         67
Late (31-120 days)      66
Late (16-30 days)       38
Charged Off              7
[2026-04-09 11:40:12,840] [phase1.preprocessing] [INFO] Loan status value counts AFTER encoding (0=good, 1=bad):
[2026-04-09 11:40:12,841] [phase1.preprocessing] [INFO] loan_status
0    9822
1     178
[2026-04-09 11:40:12,841] [phase1.preprocessing] [INFO] Dropping leakage columns: ['balance', 'paid_total', 'paid_principal', 'paid_interest', 'paid_late_fees']
[2026-04-09 11:40:12,843] [phase1.preprocessing] [INFO] Dropping high-cardinality columns: ['emp_title']
[2026-04-09 11:40:12,845] [phase1.preprocessing] [INFO] Converting issue_month into date features
[2026-04-09 11:40:12,854] [phase1.preprocessing] [INFO] Dropped 0 rows with missing target.
[2026-04-09 11:40:12,854] [phase1.preprocessing] [INFO] Final cleaned dataframe shape: (10000, 62)
[2026-04-09 11:44:49,128] [phase1.preprocessing] [INFO] Starting basic cleaning
[2026-04-09 11:44:49,129] [phase1.preprocessing] [INFO] Loan status value counts BEFORE encoding:
[2026-04-09 11:44:49,131] [phase1.preprocessing] [INFO] loan_status
Current               9375
Fully Paid             447
In Grace Period         67
Late (31-120 days)      66
Late (16-30 days)       38
Charged Off              7
[2026-04-09 11:44:49,131] [phase1.preprocessing] [INFO] Loan status value counts AFTER encoding (0=good, 1=bad):
[2026-04-09 11:44:49,131] [phase1.preprocessing] [INFO] loan_status
0    9822
1     178
[2026-04-09 11:44:49,131] [phase1.preprocessing] [INFO] Dropping leakage columns: ['balance', 'paid_total', 'paid_principal', 'paid_interest', 'paid_late_fees']
[2026-04-09 11:44:49,132] [phase1.preprocessing] [INFO] Dropping high-cardinality columns: ['emp_title']
[2026-04-09 11:44:49,134] [phase1.preprocessing] [INFO] Converting issue_month into date features
[2026-04-09 11:44:49,141] [phase1.preprocessing] [INFO] Dropped 0 rows with missing target.
[2026-04-09 11:44:49,141] [phase1.preprocessing] [INFO] Final cleaned dataframe shape: (10000, 62)
[2026-04-09 11:44:49,142] [phase1.preprocessing] [INFO] Features shape: (10000, 61), Target shape: (10000,)
[2026-04-09 11:44:49,146] [phase1.preprocessing] [INFO] Train shape: (8000, 61), Test shape: (2000, 61)
[2026-04-09 11:44:49,146] [phase1.preprocessing] [INFO] Numeric features: 50, Categorical features: 11
[2026-04-09 11:44:49,146] [phase1.preprocessing] [INFO] Fitting preprocessor on training data
[2026-04-09 11:44:49,219] [phase1.preprocessing] [INFO] Transformed Train shape: (8000, 169), Test shape: (2000, 169)
[2026-04-09 12:19:27,225] [phase1.preprocessing] [INFO] Starting basic cleaning
[2026-04-09 12:19:27,228] [phase1.preprocessing] [INFO] Loan status value counts BEFORE encoding:
[2026-04-09 12:19:27,231] [phase1.preprocessing] [INFO] loan_status
Current               9375
Fully Paid             447
In Grace Period         67
Late (31-120 days)      66
Late (16-30 days)       38
Charged Off              7
[2026-04-09 12:19:27,231] [phase1.preprocessing] [INFO] Loan status value counts AFTER encoding (0=good, 1=bad):
[2026-04-09 12:19:27,232] [phase1.preprocessing] [INFO] loan_status
0    9822
1     178
[2026-04-09 12:19:27,232] [phase1.preprocessing] [INFO] Dropping leakage columns: ['balance', 'paid_total', 'paid_principal', 'paid_interest', 'paid_late_fees']
[2026-04-09 12:19:27,234] [phase1.preprocessing] [INFO] Dropping high-cardinality columns: ['emp_title']
[2026-04-09 12:19:27,237] [phase1.preprocessing] [INFO] Converting issue_month into date features
[2026-04-09 12:19:27,246] [phase1.preprocessing] [INFO] Dropped 0 rows with missing target.
[2026-04-09 12:19:27,246] [phase1.preprocessing] [INFO] Final cleaned dataframe shape: (10000, 62)
[2026-04-09 12:19:27,246] [phase1.preprocessing] [INFO] Features shape: (10000, 61), Target shape: (10000,)
[2026-04-09 12:19:27,252] [phase1.preprocessing] [INFO] Train shape: (8000, 61), Test shape: (2000, 61)
[2026-04-09 12:19:27,252] [phase1.preprocessing] [INFO] Numeric features: 50, Categorical features: 11
[2026-04-09 12:19:27,252] [phase1.preprocessing] [INFO] Fitting preprocessor on training data
[2026-04-09 12:19:27,327] [phase1.preprocessing] [INFO] Transformed Train shape: (8000, 169), Test shape: (2000, 169)
[2026-04-09 13:06:49,969] [phase1.preprocessing] [INFO] Starting basic cleaning
[2026-04-09 13:06:49,970] [phase1.preprocessing] [INFO] Loan status value counts BEFORE encoding:
[2026-04-09 13:06:49,971] [phase1.preprocessing] [INFO] loan_status
Current               9375
Fully Paid             447
In Grace Period         67
Late (31-120 days)      66
Late (16-30 days)       38
Charged Off              7
[2026-04-09 13:06:49,971] [phase1.preprocessing] [INFO] Loan status value counts AFTER encoding (0=good, 1=bad):
[2026-04-09 13:06:49,972] [phase1.preprocessing] [INFO] loan_status
0    9822
1     178
[2026-04-09 13:06:49,972] [phase1.preprocessing] [INFO] Dropping leakage columns: ['balance', 'paid_total', 'paid_principal', 'paid_interest', 'paid_late_fees']
[2026-04-09 13:06:49,972] [phase1.preprocessing] [INFO] Dropping high-cardinality columns: ['emp_title']
[2026-04-09 13:06:49,974] [phase1.preprocessing] [INFO] Converting issue_month into date features
[2026-04-09 13:06:49,982] [phase1.preprocessing] [INFO] Dropped 0 rows with missing target.
[2026-04-09 13:06:49,982] [phase1.preprocessing] [INFO] Final cleaned dataframe shape: (10000, 62)
[2026-04-09 13:06:49,983] [phase1.preprocessing] [INFO] Features shape: (10000, 61), Target shape: (10000,)
[2026-04-09 13:06:49,987] [phase1.preprocessing] [INFO] Train shape: (8000, 61), Test shape: (2000, 61)
[2026-04-09 13:06:49,987] [phase1.preprocessing] [INFO] Numeric features: 50, Categorical features: 11
[2026-04-09 13:06:49,987] [phase1.preprocessing] [INFO] Fitting preprocessor on training data
[2026-04-09 13:06:50,060] [phase1.preprocessing] [INFO] Transformed Train shape: (8000, 169), Test shape: (2000, 169)
[2026-04-09 13:11:42,826] [phase1.preprocessing] [INFO] Starting basic cleaning
[2026-04-09 13:11:42,827] [phase1.preprocessing] [INFO] Loan status value counts BEFORE encoding:
[2026-04-09 13:11:42,828] [phase1.preprocessing] [INFO] loan_status
Current               9375
Fully Paid             447
In Grace Period         67
Late (31-120 days)      66
Late (16-30 days)       38
Charged Off              7
[2026-04-09 13:11:42,829] [phase1.preprocessing] [INFO] Loan status value counts AFTER encoding (0=good, 1=bad):
[2026-04-09 13:11:42,829] [phase1.preprocessing] [INFO] loan_status
0    9822
1     178
[2026-04-09 13:11:42,829] [phase1.preprocessing] [INFO] Dropping leakage columns: ['balance', 'paid_total', 'paid_principal', 'paid_interest', 'paid_late_fees']
[2026-04-09 13:11:42,830] [phase1.preprocessing] [INFO] Dropping high-cardinality columns: ['emp_title']
[2026-04-09 13:11:42,832] [phase1.preprocessing] [INFO] Converting issue_month into date features
[2026-04-09 13:11:42,840] [phase1.preprocessing] [INFO] Dropped 0 rows with missing target.
[2026-04-09 13:11:42,840] [phase1.preprocessing] [INFO] Final cleaned dataframe shape: (10000, 62)
[2026-04-09 13:11:42,841] [phase1.preprocessing] [INFO] Features shape: (10000, 61), Target shape: (10000,)
[2026-04-09 13:11:42,845] [phase1.preprocessing] [INFO] Train shape: (8000, 61), Test shape: (2000, 61)
[2026-04-09 13:11:42,846] [phase1.preprocessing] [INFO] Numeric features: 50, Categorical features: 11
[2026-04-09 13:11:42,846] [phase1.preprocessing] [INFO] Fitting preprocessor on training data
[2026-04-09 13:11:42,918] [phase1.preprocessing] [INFO] Transformed Train shape: (8000, 169), Test shape: (2000, 169)
[2026-04-09 16:32:29,870] [phase1.preprocessing] [INFO] Starting basic cleaning
[2026-04-09 16:32:29,874] [phase1.preprocessing] [INFO] Loan status value counts BEFORE encoding:
[2026-04-09 16:32:29,877] [phase1.preprocessing] [INFO] loan_status
Current               9375
Fully Paid             447
In Grace Period         67
Late (31-120 days)      66
Late (16-30 days)       38
Charged Off              7
[2026-04-09 16:32:29,878] [phase1.preprocessing] [INFO] Loan status value counts AFTER encoding (0=good, 1=bad):
[2026-04-09 16:32:29,879] [phase1.preprocessing] [INFO] loan_status
0    9822
1     178
[2026-04-09 16:32:29,879] [phase1.preprocessing] [INFO] Dropping leakage columns: ['balance', 'paid_total', 'paid_principal', 'paid_interest', 'paid_late_fees']
[2026-04-09 16:32:29,880] [phase1.preprocessing] [INFO] Dropping high-cardinality columns: ['emp_title']
[2026-04-09 16:32:29,882] [phase1.preprocessing] [INFO] Converting issue_month into date features
[2026-04-09 16:32:29,891] [phase1.preprocessing] [INFO] Dropped 0 rows with missing target.
[2026-04-09 16:32:29,891] [phase1.preprocessing] [INFO] Final cleaned dataframe shape: (10000, 62)
[2026-04-09 16:32:29,892] [phase1.preprocessing] [INFO] Features shape: (10000, 61), Target shape: (10000,)
[2026-04-09 16:32:29,897] [phase1.preprocessing] [INFO] Train shape: (8000, 61), Test shape: (2000, 61)
[2026-04-09 16:32:29,897] [phase1.preprocessing] [INFO] Numeric features: 50, Categorical features: 11
[2026-04-09 16:32:29,897] [phase1.preprocessing] [INFO] Fitting preprocessor on training data
[2026-04-09 16:32:29,982] [phase1.preprocessing] [INFO] Transformed Train shape: (8000, 169), Test shape: (2000, 169)
[2026-04-09 16:32:34,037] [phase1.preprocessing] [INFO] Starting basic cleaning
[2026-04-09 16:32:34,038] [phase1.preprocessing] [INFO] Loan status value counts BEFORE encoding:
[2026-04-09 16:32:34,039] [phase1.preprocessing] [INFO] loan_status
Current               9375
Fully Paid             447
In Grace Period         67
Late (31-120 days)      66
Late (16-30 days)       38
Charged Off              7
[2026-04-09 16:32:34,039] [phase1.preprocessing] [INFO] Loan status value counts AFTER encoding (0=good, 1=bad):
[2026-04-09 16:32:34,039] [phase1.preprocessing] [INFO] loan_status
0    9822
1     178
[2026-04-09 16:32:34,040] [phase1.preprocessing] [INFO] Dropping leakage columns: ['balance', 'paid_total', 'paid_principal', 'paid_interest', 'paid_late_fees']
[2026-04-09 16:32:34,040] [phase1.preprocessing] [INFO] Dropping high-cardinality columns: ['emp_title']
[2026-04-09 16:32:34,042] [phase1.preprocessing] [INFO] Converting issue_month into date features
[2026-04-09 16:32:34,048] [phase1.preprocessing] [INFO] Dropped 0 rows with missing target.
[2026-04-09 16:32:34,048] [phase1.preprocessing] [INFO] Final cleaned dataframe shape: (10000, 62)
[2026-04-09 17:10:47,483] [phase1.preprocessing] [INFO] Starting basic cleaning
[2026-04-09 17:10:47,486] [phase1.preprocessing] [INFO] Loan status value counts BEFORE encoding:
[2026-04-09 17:10:47,489] [phase1.preprocessing] [INFO] loan_status
Current               3775
Fully Paid             500
Late (16-30 days)      495
Late (31-120 days)     169
Charged Off             61
[2026-04-09 17:10:47,490] [phase1.preprocessing] [INFO] Loan status value counts AFTER encoding (0=good, 1=bad):
[2026-04-09 17:10:47,491] [phase1.preprocessing] [INFO] loan_status
0    4275
1     725
[2026-04-09 17:10:47,491] [phase1.preprocessing] [INFO] Dropping leakage columns: ['balance', 'paid_total', 'paid_principal', 'paid_interest', 'paid_late_fees']
[2026-04-09 17:10:47,492] [phase1.preprocessing] [INFO] Dropping high-cardinality columns: ['emp_title']
[2026-04-09 17:10:47,493] [phase1.preprocessing] [INFO] Converting issue_month into date features
[2026-04-09 17:10:47,501] [phase1.preprocessing] [INFO] Dropped 0 rows with missing target.
[2026-04-09 17:10:47,501] [phase1.preprocessing] [INFO] Final cleaned dataframe shape: (5000, 62)
[2026-04-09 17:10:47,501] [phase1.preprocessing] [INFO] Features shape: (5000, 61), Target shape: (5000,)
[2026-04-09 17:10:47,505] [phase1.preprocessing] [INFO] Train shape: (4000, 61), Test shape: (1000, 61)
[2026-04-09 17:10:47,505] [phase1.preprocessing] [INFO] Numeric features: 50, Categorical features: 11
[2026-04-09 17:10:47,505] [phase1.preprocessing] [INFO] Fitting preprocessor on training data
[2026-04-09 17:10:47,549] [phase1.preprocessing] [INFO] Transformed Train shape: (4000, 135), Test shape: (1000, 135)
[2026-04-09 17:10:51,766] [phase1.preprocessing] [INFO] Starting basic cleaning
[2026-04-09 17:10:51,766] [phase1.preprocessing] [INFO] Loan status value counts BEFORE encoding:
[2026-04-09 17:10:51,767] [phase1.preprocessing] [INFO] loan_status
Current               3775
Fully Paid             500
Late (16-30 days)      495
Late (31-120 days)     169
Charged Off             61
[2026-04-09 17:10:51,767] [phase1.preprocessing] [INFO] Loan status value counts AFTER encoding (0=good, 1=bad):
[2026-04-09 17:10:51,767] [phase1.preprocessing] [INFO] loan_status
0    4275
1     725
[2026-04-09 17:10:51,767] [phase1.preprocessing] [INFO] Dropping leakage columns: ['balance', 'paid_total', 'paid_principal', 'paid_interest', 'paid_late_fees']
[2026-04-09 17:10:51,768] [phase1.preprocessing] [INFO] Dropping high-cardinality columns: ['emp_title']
[2026-04-09 17:10:51,770] [phase1.preprocessing] [INFO] Converting issue_month into date features
[2026-04-09 17:10:51,775] [phase1.preprocessing] [INFO] Dropped 0 rows with missing target.
[2026-04-09 17:10:51,775] [phase1.preprocessing] [INFO] Final cleaned dataframe shape: (5000, 62)
