[2026-04-08 22:46:27,742] [train_model] [INFO] Setting scale_pos_weight for XGBoost: 55.34 (neg: 7858, pos: 142)
[2026-04-08 22:46:27,742] [train_model] [INFO] Initializing XGBoost model
[2026-04-08 22:46:27,742] [train_model] [INFO] Training XGBoost model
[2026-04-08 22:46:33,019] [train_model] [INFO] Validation metrics: {'accuracy': 0.9525, 'auc': 0.5605764878931885, 'recall': 0.1388888888888889, 'precision': 0.07246376811594203}
[2026-04-08 22:46:33,021] [train_model] [INFO] Saved model to /Users/sanidhya/Documents/Projects/M.Tech Project/BANKING_XAI_PROJECT/artifacts/xgboost_model.joblib
[2026-04-08 23:24:40,415] [phase1.train_model] [INFO] Setting scale_pos_weight for XGBoost: 55.34 (neg: 7858, pos: 142)
[2026-04-08 23:24:40,415] [phase1.train_model] [INFO] Initializing XGBoost model
[2026-04-08 23:24:40,415] [phase1.train_model] [INFO] Training XGBoost model
[2026-04-08 23:25:03,123] [phase1.train_model] [INFO] Validation metrics: {'accuracy': 0.9395, 'auc': 0.5531511654220412, 'recall': 0.08333333333333333, 'precision': 0.03296703296703297}
[2026-04-08 23:25:03,125] [phase1.train_model] [INFO] Saved model to /Users/sanidhya/Documents/Projects/M.Tech Project/BANKING_XAI_PROJECT/artifacts/xgboost_model.joblib
[2026-04-08 23:43:04,266] [phase1.train_model] [INFO] Training class distribution -> Negative: 7858, Positive: 142
[2026-04-08 23:43:04,266] [phase1.train_model] [INFO] Applying SMOTE to balance training data
[2026-04-08 23:43:04,278] [phase1.train_model] [INFO] After SMOTE -> Negative: 7858, Positive: 7858
[2026-04-08 23:43:04,278] [phase1.train_model] [INFO] Using scale_pos_weight = 1.00
[2026-04-08 23:43:04,278] [phase1.train_model] [INFO] Initializing XGBoost model
[2026-04-08 23:43:04,278] [phase1.train_model] [INFO] Training XGBoost model
[2026-04-08 23:43:27,945] [phase1.train_model] [INFO] Validation metrics: {'accuracy': 0.982, 'auc': 0.6634136682507353, 'recall': 0.0, 'precision': 0.0, 'f1_score': 0.0}
[2026-04-08 23:43:27,945] [phase1.train_model] [INFO] Confusion Matrix:
[[1964    0]
 [  36    0]]
[2026-04-08 23:43:27,947] [phase1.train_model] [INFO] Saved model to /Users/sanidhya/Documents/Projects/M.Tech Project/BANKING_XAI_PROJECT/artifacts/xgboost_model.joblib
[2026-04-09 00:22:31,185] [phase1.train_model] [INFO] Training class distribution -> Negative: 7858, Positive: 142
[2026-04-09 00:22:31,185] [phase1.train_model] [INFO] Applying SMOTE to balance training data
[2026-04-09 00:22:31,247] [phase1.train_model] [INFO] After SMOTE -> Negative: 7858, Positive: 7858
[2026-04-09 00:22:31,248] [phase1.train_model] [INFO] Using scale_pos_weight = 1.00
[2026-04-09 00:22:31,248] [phase1.train_model] [INFO] Initializing XGBoost model
[2026-04-09 00:22:31,248] [phase1.train_model] [INFO] Training XGBoost model
[2026-04-09 00:22:32,178] [phase1.train_model] [INFO] Validation metrics: {'accuracy': 0.9465, 'auc': 0.6423964697895452, 'recall': 0.08333333333333333, 'precision': 0.03896103896103896, 'f1_score': 0.05309734513274336}
[2026-04-09 00:22:32,178] [phase1.train_model] [INFO] Confusion Matrix:
[[1890   74]
 [  33    3]]
[2026-04-09 00:22:32,180] [phase1.train_model] [INFO] Saved model to /Users/sanidhya/Documents/Projects/M.Tech Project/BANKING_XAI_PROJECT/artifacts/xgboost_model.joblib
[2026-04-09 00:26:18,486] [phase1.train_model] [INFO] Training class distribution -> Negative: 7858, Positive: 142
[2026-04-09 00:26:18,486] [phase1.train_model] [INFO] Applying SMOTE to balance training data
[2026-04-09 00:26:18,521] [phase1.train_model] [INFO] After SMOTE -> Negative: 7858, Positive: 7858
[2026-04-09 00:26:18,521] [phase1.train_model] [INFO] Using scale_pos_weight = 1.00
[2026-04-09 00:26:18,521] [phase1.train_model] [INFO] Initializing XGBoost model
[2026-04-09 00:26:18,521] [phase1.train_model] [INFO] Training XGBoost model
[2026-04-09 00:26:19,437] [phase1.train_model] [INFO] Validation metrics: {'accuracy': 0.9465, 'auc': 0.6423964697895452, 'recall': 0.08333333333333333, 'precision': 0.03896103896103896, 'f1_score': 0.05309734513274336}
[2026-04-09 00:26:19,437] [phase1.train_model] [INFO] Confusion Matrix:
[[1890   74]
 [  33    3]]
[2026-04-09 00:26:19,439] [phase1.train_model] [INFO] Saved model to /Users/sanidhya/Documents/Projects/M.Tech Project/BANKING_XAI_PROJECT/artifacts/xgboost_model.joblib
[2026-04-09 00:52:22,401] [phase1.train_model] [INFO] Training class distribution -> Negative: 7858, Positive: 142
[2026-04-09 00:52:22,402] [phase1.train_model] [INFO] Applying SMOTE to balance training data
[2026-04-09 00:52:22,471] [phase1.train_model] [INFO] After SMOTE -> Negative: 7858, Positive: 7858
[2026-04-09 00:52:22,471] [phase1.train_model] [INFO] Using scale_pos_weight = 1.00
[2026-04-09 00:52:22,471] [phase1.train_model] [INFO] Initializing XGBoost model
[2026-04-09 00:52:22,472] [phase1.train_model] [INFO] Training XGBoost model
[2026-04-09 00:52:24,980] [phase1.train_model] [INFO] Validation metrics: {'accuracy': 0.9675, 'auc': 0.6872312740439013, 'recall': 0.027777777777777776, 'precision': 0.03225806451612903, 'f1_score': 0.029850746268656716}
[2026-04-09 00:52:24,980] [phase1.train_model] [INFO] Confusion Matrix:
[[1934   30]
 [  35    1]]
[2026-04-09 00:52:24,983] [phase1.train_model] [INFO] Saved model to /Users/sanidhya/Documents/Projects/M.Tech Project/BANKING_XAI_PROJECT/artifacts/xgboost_model.joblib
[2026-04-09 01:44:42,079] [phase1.train_model] [INFO] Training class distribution -> Negative: 7858, Positive: 142
[2026-04-09 01:44:42,079] [phase1.train_model] [INFO] Applying SMOTE to balance training data
[2026-04-09 01:44:42,130] [phase1.train_model] [INFO] After SMOTE -> Negative: 7858, Positive: 7858
[2026-04-09 01:44:42,131] [phase1.train_model] [INFO] Using scale_pos_weight = 1.00
[2026-04-09 01:44:42,131] [phase1.train_model] [INFO] Initializing XGBoost model
[2026-04-09 01:44:42,131] [phase1.train_model] [INFO] Training XGBoost model
[2026-04-09 01:44:44,651] [phase1.train_model] [INFO] Validation metrics: {'accuracy': 0.9675, 'auc': 0.6872312740439013, 'recall': 0.027777777777777776, 'precision': 0.03225806451612903, 'f1_score': 0.029850746268656716}
[2026-04-09 01:44:44,651] [phase1.train_model] [INFO] Confusion Matrix:
[[1934   30]
 [  35    1]]
[2026-04-09 01:44:44,654] [phase1.train_model] [INFO] Saved model to /Users/sanidhya/Documents/Projects/M.Tech Project/BANKING_XAI_PROJECT/artifacts/xgboost_model.joblib
[2026-04-09 01:53:37,458] [phase1.train_model] [INFO] Training class distribution -> Negative: 7858, Positive: 142
[2026-04-09 01:53:37,459] [phase1.train_model] [INFO] Applying SMOTE to balance training data
[2026-04-09 01:53:37,496] [phase1.train_model] [INFO] After SMOTE -> Negative: 7858, Positive: 7858
[2026-04-09 01:53:37,497] [phase1.train_model] [INFO] Using scale_pos_weight = 1.00
[2026-04-09 01:53:37,497] [phase1.train_model] [INFO] Initializing XGBoost model
[2026-04-09 01:53:37,497] [phase1.train_model] [INFO] Training XGBoost model
[2026-04-09 01:53:39,996] [phase1.train_model] [INFO] Validation metrics: {'accuracy': 0.9675, 'auc': 0.6872312740439013, 'recall': 0.027777777777777776, 'precision': 0.03225806451612903, 'f1_score': 0.029850746268656716}
[2026-04-09 01:53:39,996] [phase1.train_model] [INFO] Confusion Matrix:
[[1934   30]
 [  35    1]]
[2026-04-09 01:53:39,999] [phase1.train_model] [INFO] Saved model to /Users/sanidhya/Documents/Projects/M.Tech Project/BANKING_XAI_PROJECT/artifacts/xgboost_model.joblib
[2026-04-09 10:36:02,686] [phase1.train_model] [INFO] Training class distribution -> Negative: 7858, Positive: 142
[2026-04-09 10:36:02,686] [phase1.train_model] [INFO] Applying SMOTE to balance training data
[2026-04-09 10:36:02,761] [phase1.train_model] [INFO] After SMOTE -> Negative: 7858, Positive: 7858
[2026-04-09 10:36:02,762] [phase1.train_model] [INFO] Using scale_pos_weight = 1.00
[2026-04-09 10:36:02,762] [phase1.train_model] [INFO] Initializing XGBoost model
[2026-04-09 10:36:02,762] [phase1.train_model] [INFO] Training XGBoost model
[2026-04-09 10:36:05,305] [phase1.train_model] [INFO] Validation metrics: {'accuracy': 0.9675, 'auc': 0.6872312740439013, 'recall': 0.027777777777777776, 'precision': 0.03225806451612903, 'f1_score': 0.029850746268656716}
[2026-04-09 10:36:05,305] [phase1.train_model] [INFO] Confusion Matrix:
[[1934   30]
 [  35    1]]
[2026-04-09 10:36:05,308] [phase1.train_model] [INFO] Saved model to /Users/sanidhya/Documents/Projects/M.Tech Project/BANKING_XAI_PROJECT/artifacts/xgboost_model.joblib
[2026-04-09 11:44:49,220] [phase1.train_model] [INFO] Training class distribution -> Negative: 7858, Positive: 142
[2026-04-09 11:44:49,220] [phase1.train_model] [INFO] Applying SMOTE to balance training data
[2026-04-09 11:44:49,296] [phase1.train_model] [INFO] After SMOTE -> Negative: 7858, Positive: 7858
[2026-04-09 11:44:49,297] [phase1.train_model] [INFO] Using scale_pos_weight = 1.00
[2026-04-09 11:44:49,297] [phase1.train_model] [INFO] Initializing XGBoost model
[2026-04-09 11:44:49,297] [phase1.train_model] [INFO] Training XGBoost model
[2026-04-09 11:44:51,807] [phase1.train_model] [INFO] Validation metrics: {'accuracy': 0.9675, 'auc': 0.6872312740439013, 'recall': 0.027777777777777776, 'precision': 0.03225806451612903, 'f1_score': 0.029850746268656716}
[2026-04-09 11:44:51,807] [phase1.train_model] [INFO] Confusion Matrix:
[[1934   30]
 [  35    1]]
[2026-04-09 11:44:51,810] [phase1.train_model] [INFO] Saved model to /Users/sanidhya/Documents/Projects/M.Tech Project/BANKING_XAI_PROJECT/artifacts/xgboost_model.joblib
[2026-04-09 12:19:27,327] [phase1.train_model] [INFO] Training class distribution -> Negative: 7858, Positive: 142
[2026-04-09 12:19:27,328] [phase1.train_model] [INFO] Applying SMOTE to balance training data
[2026-04-09 12:19:27,399] [phase1.train_model] [INFO] After SMOTE -> Negative: 7858, Positive: 7858
[2026-04-09 12:19:27,399] [phase1.train_model] [INFO] Using scale_pos_weight = 1.00
[2026-04-09 12:19:27,399] [phase1.train_model] [INFO] Initializing XGBoost model
[2026-04-09 12:19:27,399] [phase1.train_model] [INFO] Training XGBoost model
[2026-04-09 12:19:29,896] [phase1.train_model] [INFO] Validation metrics: {'accuracy': 0.9675, 'auc': 0.6872312740439013, 'recall': 0.027777777777777776, 'precision': 0.03225806451612903, 'f1_score': 0.029850746268656716}
[2026-04-09 12:19:29,896] [phase1.train_model] [INFO] Confusion Matrix:
[[1934   30]
 [  35    1]]
[2026-04-09 12:19:29,900] [phase1.train_model] [INFO] Saved model to /Users/sanidhya/Documents/Projects/M.Tech Project/BANKING_XAI_PROJECT/artifacts/xgboost_model.joblib
[2026-04-09 13:06:50,060] [phase1.train_model] [INFO] Training class distribution -> Negative: 7858, Positive: 142
[2026-04-09 13:06:50,060] [phase1.train_model] [INFO] Applying SMOTE to balance training data
[2026-04-09 13:06:50,100] [phase1.train_model] [INFO] After SMOTE -> Negative: 7858, Positive: 7858
[2026-04-09 13:06:50,100] [phase1.train_model] [INFO] Using scale_pos_weight = 1.00
[2026-04-09 13:06:50,100] [phase1.train_model] [INFO] Initializing XGBoost model
[2026-04-09 13:06:50,100] [phase1.train_model] [INFO] Training XGBoost model
[2026-04-09 13:06:52,609] [phase1.train_model] [INFO] Validation metrics: {'accuracy': 0.9675, 'auc': 0.6872312740439013, 'recall': 0.027777777777777776, 'precision': 0.03225806451612903, 'f1_score': 0.029850746268656716}
[2026-04-09 13:06:52,609] [phase1.train_model] [INFO] Confusion Matrix:
[[1934   30]
 [  35    1]]
[2026-04-09 13:06:52,612] [phase1.train_model] [INFO] Saved model to /Users/sanidhya/Documents/Projects/M.Tech Project/BANKING_XAI_PROJECT/artifacts/xgboost_model.joblib
[2026-04-09 13:11:42,918] [phase1.train_model] [INFO] Training class distribution -> Negative: 7858, Positive: 142
[2026-04-09 13:11:42,918] [phase1.train_model] [INFO] Applying SMOTE to balance training data
[2026-04-09 13:11:42,955] [phase1.train_model] [INFO] After SMOTE -> Negative: 7858, Positive: 7858
[2026-04-09 13:11:42,955] [phase1.train_model] [INFO] Using scale_pos_weight = 1.00
[2026-04-09 13:11:42,955] [phase1.train_model] [INFO] Initializing XGBoost model
[2026-04-09 13:11:42,955] [phase1.train_model] [INFO] Training XGBoost model
[2026-04-09 13:11:45,463] [phase1.train_model] [INFO] Validation metrics: {'accuracy': 0.9675, 'auc': 0.6872312740439013, 'recall': 0.027777777777777776, 'precision': 0.03225806451612903, 'f1_score': 0.029850746268656716}
[2026-04-09 13:11:45,463] [phase1.train_model] [INFO] Confusion Matrix:
[[1934   30]
 [  35    1]]
[2026-04-09 13:11:45,466] [phase1.train_model] [INFO] Saved model to /Users/sanidhya/Documents/Projects/M.Tech Project/BANKING_XAI_PROJECT/artifacts/xgboost_model.joblib
[2026-04-09 16:32:29,982] [phase1.train_model] [INFO] Training class distribution -> Negative: 7858, Positive: 142
[2026-04-09 16:32:29,983] [phase1.train_model] [INFO] Applying SMOTE to balance training data
[2026-04-09 16:32:30,050] [phase1.train_model] [INFO] After SMOTE -> Negative: 7858, Positive: 7858
[2026-04-09 16:32:30,050] [phase1.train_model] [INFO] Using scale_pos_weight = 1.00
[2026-04-09 16:32:30,050] [phase1.train_model] [INFO] Initializing XGBoost model
[2026-04-09 16:32:30,050] [phase1.train_model] [INFO] Training XGBoost model
[2026-04-09 16:32:32,558] [phase1.train_model] [INFO] Validation metrics: {'accuracy': 0.9675, 'auc': 0.6872312740439013, 'recall': 0.027777777777777776, 'precision': 0.03225806451612903, 'f1_score': 0.029850746268656716}
[2026-04-09 16:32:32,558] [phase1.train_model] [INFO] Confusion Matrix:
[[1934   30]
 [  35    1]]
[2026-04-09 16:32:32,561] [phase1.train_model] [INFO] Saved model to /Users/sanidhya/Documents/Projects/M.Tech Project/BANKING_XAI_PROJECT/artifacts/xgboost_model.joblib
[2026-04-09 17:10:47,549] [phase1.train_model] [INFO] Training class distribution -> Negative: 3420, Positive: 580
[2026-04-09 17:10:47,550] [phase1.train_model] [INFO] Applying SMOTE to balance training data
[2026-04-09 17:10:47,589] [phase1.train_model] [INFO] After SMOTE -> Negative: 3420, Positive: 3420
[2026-04-09 17:10:47,590] [phase1.train_model] [INFO] Using scale_pos_weight = 1.00
[2026-04-09 17:10:47,590] [phase1.train_model] [INFO] Initializing XGBoost model
[2026-04-09 17:10:47,590] [phase1.train_model] [INFO] Training XGBoost model
[2026-04-09 17:10:50,078] [phase1.train_model] [INFO] Validation metrics: {'accuracy': 0.827, 'auc': 0.9162008469449486, 'recall': 0.903448275862069, 'precision': 0.4517241379310345, 'f1_score': 0.6022988505747127}
[2026-04-09 17:10:50,078] [phase1.train_model] [INFO] Confusion Matrix:
[[696 159]
 [ 14 131]]
[2026-04-09 17:10:50,081] [phase1.train_model] [INFO] Saved model to /Users/sanidhya/Documents/Projects/M.Tech Project/BANKING_XAI_PROJECT/artifacts/xgboost_model.joblib
[2026-04-09 17:41:03,234] [phase1.train_model] [INFO] Training class distribution -> Negative: 3420, Positive: 580
[2026-04-09 17:41:03,234] [phase1.train_model] [INFO] Applying SMOTE to balance training data
[2026-04-09 17:41:03,273] [phase1.train_model] [INFO] After SMOTE -> Negative: 3420, Positive: 3420
[2026-04-09 17:41:03,273] [phase1.train_model] [INFO] Using scale_pos_weight = 1.00
[2026-04-09 17:41:03,273] [phase1.train_model] [INFO] Initializing XGBoost model
[2026-04-09 17:41:03,274] [phase1.train_model] [INFO] Training XGBoost model
[2026-04-09 17:41:05,753] [phase1.train_model] [INFO] Validation metrics: {'accuracy': 0.827, 'auc': 0.9162008469449486, 'recall': 0.903448275862069, 'precision': 0.4517241379310345, 'f1_score': 0.6022988505747127}
[2026-04-09 17:41:05,753] [phase1.train_model] [INFO] Confusion Matrix:
[[696 159]
 [ 14 131]]
[2026-04-09 17:41:05,756] [phase1.train_model] [INFO] Saved model to /Users/sanidhya/Documents/Projects/M.Tech Project/BANKING_XAI_PROJECT/artifacts/xgboost_model.joblib
